wandb: Using wandb-core as the SDK backend. Please refer to https://wandb.me/wandb-core for more information.
wandb: Currently logged in as: alexandretl. Use `wandb login --relogin` to force relogin
wandb: Tracking run with wandb version 0.18.1
wandb: Run data is saved locally in /workspace/arena/wandb/run-20240918_172352-269lxk2p
wandb: Run `wandb offline` to turn off syncing.
wandb: Syncing run winter-serenity-74
wandb: ⭐️ View project at https://wandb.ai/alexandretl/arena
wandb: 🚀 View run at https://wandb.ai/alexandretl/arena/runs/269lxk2p
Run name: winter-serenity-74.
DataLoader: total number of tokens: 10,255,324,043 across 103 files
DataLoader: total number of tokens: 100,000,000 across 1 files
Model initialized. Number of parameters : 123532032.
Compiling the model...
Done compiling.
Training is starting.
Iter 0000/8200. train loss : 10.956. valid loss : 10.955. lr : 0.00001. uptime : 00h01min. ETA : 11h28min.
Iter 0012/8200. train loss : 9.141. valid loss : 9.066. lr : 0.00012. uptime : 00h01min. ETA : 09h57min.
Iter 0024/8200. train loss : 7.867. valid loss : 7.770. lr : 0.00022. uptime : 00h02min. ETA : 09h42min.
Iter 0036/8200. train loss : 7.041. valid loss : 7.006. lr : 0.00033. uptime : 00h03min. ETA : 09h42min.
Iter 0048/8200. train loss : 6.724. valid loss : 6.682. lr : 0.00044. uptime : 00h04min. ETA : 09h41min.
Iter 0060/8200. train loss : 6.461. valid loss : 6.496. lr : 0.00055. uptime : 00h05min. ETA : 09h40min.
Iter 0072/8200. train loss : 6.344. valid loss : 6.277. lr : 0.00066. uptime : 00h06min. ETA : 09h40min.
Iter 0084/8200. train loss : 6.139. valid loss : 6.110. lr : 0.00076. uptime : 00h07min. ETA : 09h39min.
Iter 0096/8200. train loss : 6.153. valid loss : 6.145. lr : 0.00087. uptime : 00h07min. ETA : 09h38min.
Process ForkProcess-20:
Process ForkProcess-22:
Process ForkProcess-25:
Process ForkProcess-26:
Process ForkProcess-28:
Process ForkProcess-10:
Process ForkProcess-31:
Process ForkProcess-24:
Process ForkProcess-13:
Process ForkProcess-15:
Process ForkProcess-19:
Process ForkProcess-21:
Process ForkProcess-11:
Process ForkProcess-17:
Process ForkProcess-18:
Process ForkProcess-29:
Process ForkProcess-32:
Process ForkProcess-30:
Process ForkProcess-27:
Process ForkProcess-23:
Process ForkProcess-14:
Process ForkProcess-9:
Process ForkProcess-12:
Process ForkProcess-16:
Process ForkProcess-5:
Process ForkProcess-6:
Process ForkProcess-4:
Process ForkProcess-8:
Process ForkProcess-1:
Process ForkProcess-2:
Process ForkProcess-3:
Process ForkProcess-7:
Traceback (most recent call last):
Traceback (most recent call last):
Traceback (most recent call last):
Traceback (most recent call last):
Traceback (most recent call last):
Traceback (most recent call last):
Traceback (most recent call last):
Traceback (most recent call last):
Traceback (most recent call last):
Traceback (most recent call last):
Traceback (most recent call last):
Traceback (most recent call last):
Traceback (most recent call last):
Traceback (most recent call last):
Traceback (most recent call last):
Traceback (most recent call last):
Traceback (most recent call last):
Traceback (most recent call last):
Traceback (most recent call last):
Traceback (most recent call last):
Traceback (most recent call last):
Traceback (most recent call last):
Traceback (most recent call last):
Traceback (most recent call last):
Traceback (most recent call last):
Traceback (most recent call last):
Traceback (most recent call last):
Traceback (most recent call last):
Traceback (most recent call last):
Traceback (most recent call last):
Traceback (most recent call last):
Traceback (most recent call last):
  File "/usr/lib/python3.10/multiprocessing/process.py", line 314, in _bootstrap
    self.run()
  File "/usr/lib/python3.10/multiprocessing/process.py", line 108, in run
    self._target(*self._args, **self._kwargs)
  File "/usr/lib/python3.10/multiprocessing/process.py", line 314, in _bootstrap
    self.run()
  File "/usr/lib/python3.10/multiprocessing/process.py", line 108, in run
    self._target(*self._args, **self._kwargs)
  File "/usr/lib/python3.10/multiprocessing/process.py", line 314, in _bootstrap
    self.run()
  File "/usr/lib/python3.10/multiprocessing/process.py", line 314, in _bootstrap
    self.run()
  File "/usr/lib/python3.10/multiprocessing/process.py", line 314, in _bootstrap
    self.run()
  File "/usr/lib/python3.10/multiprocessing/process.py", line 108, in run
    self._target(*self._args, **self._kwargs)
  File "/usr/lib/python3.10/multiprocessing/process.py", line 314, in _bootstrap
    self.run()
  File "/usr/lib/python3.10/multiprocessing/process.py", line 314, in _bootstrap
    self.run()
  File "/usr/lib/python3.10/multiprocessing/process.py", line 314, in _bootstrap
    self.run()
  File "/usr/lib/python3.10/multiprocessing/process.py", line 314, in _bootstrap
    self.run()
  File "/usr/lib/python3.10/multiprocessing/process.py", line 314, in _bootstrap
    self.run()
  File "/usr/lib/python3.10/multiprocessing/process.py", line 108, in run
    self._target(*self._args, **self._kwargs)
  File "/usr/lib/python3.10/multiprocessing/process.py", line 314, in _bootstrap
    self.run()
  File "/usr/lib/python3.10/multiprocessing/process.py", line 314, in _bootstrap
    self.run()
  File "/usr/lib/python3.10/multiprocessing/process.py", line 314, in _bootstrap
    self.run()
  File "/usr/lib/python3.10/multiprocessing/process.py", line 314, in _bootstrap
    self.run()
  File "/usr/lib/python3.10/multiprocessing/process.py", line 314, in _bootstrap
    self.run()
  File "/usr/lib/python3.10/multiprocessing/process.py", line 314, in _bootstrap
    self.run()
  File "/usr/lib/python3.10/multiprocessing/process.py", line 108, in run
    self._target(*self._args, **self._kwargs)
  File "/usr/lib/python3.10/multiprocessing/process.py", line 314, in _bootstrap
    self.run()
  File "/usr/lib/python3.10/multiprocessing/process.py", line 314, in _bootstrap
    self.run()
  File "/usr/lib/python3.10/multiprocessing/process.py", line 314, in _bootstrap
    self.run()
  File "/usr/lib/python3.10/multiprocessing/process.py", line 314, in _bootstrap
    self.run()
  File "/usr/lib/python3.10/multiprocessing/process.py", line 314, in _bootstrap
    self.run()
  File "/usr/lib/python3.10/multiprocessing/process.py", line 314, in _bootstrap
    self.run()
  File "/usr/lib/python3.10/multiprocessing/process.py", line 108, in run
    self._target(*self._args, **self._kwargs)
  File "/usr/lib/python3.10/multiprocessing/process.py", line 314, in _bootstrap
    self.run()
  File "/usr/lib/python3.10/multiprocessing/process.py", line 314, in _bootstrap
    self.run()
  File "/usr/lib/python3.10/multiprocessing/process.py", line 314, in _bootstrap
    self.run()
  File "/usr/lib/python3.10/multiprocessing/process.py", line 314, in _bootstrap
    self.run()
  File "/usr/lib/python3.10/multiprocessing/process.py", line 314, in _bootstrap
    self.run()
  File "/usr/lib/python3.10/multiprocessing/process.py", line 314, in _bootstrap
    self.run()
  File "/usr/lib/python3.10/multiprocessing/process.py", line 314, in _bootstrap
    self.run()
  File "/usr/lib/python3.10/multiprocessing/process.py", line 314, in _bootstrap
    self.run()
  File "/usr/lib/python3.10/multiprocessing/process.py", line 314, in _bootstrap
    self.run()
  File "/usr/lib/python3.10/multiprocessing/process.py", line 314, in _bootstrap
    self.run()
  File "/usr/lib/python3.10/multiprocessing/process.py", line 108, in run
    self._target(*self._args, **self._kwargs)
  File "/usr/lib/python3.10/concurrent/futures/process.py", line 240, in _process_worker
    call_item = call_queue.get(block=True)
  File "/usr/lib/python3.10/concurrent/futures/process.py", line 240, in _process_worker
    call_item = call_queue.get(block=True)
  File "/usr/lib/python3.10/multiprocessing/queues.py", line 102, in get
    with self._rlock:
  File "/usr/lib/python3.10/multiprocessing/synchronize.py", line 95, in __enter__
    return self._semlock.__enter__()
  File "/usr/lib/python3.10/multiprocessing/process.py", line 108, in run
    self._target(*self._args, **self._kwargs)
  File "/usr/lib/python3.10/multiprocessing/process.py", line 108, in run
    self._target(*self._args, **self._kwargs)
  File "/usr/lib/python3.10/concurrent/futures/process.py", line 240, in _process_worker
    call_item = call_queue.get(block=True)
  File "/usr/lib/python3.10/multiprocessing/queues.py", line 102, in get
    with self._rlock:
  File "/usr/lib/python3.10/concurrent/futures/process.py", line 240, in _process_worker
    call_item = call_queue.get(block=True)
  File "/usr/lib/python3.10/multiprocessing/queues.py", line 102, in get
    with self._rlock:
  File "/usr/lib/python3.10/multiprocessing/process.py", line 108, in run
    self._target(*self._args, **self._kwargs)
  File "/usr/lib/python3.10/multiprocessing/process.py", line 108, in run
    self._target(*self._args, **self._kwargs)
  File "/usr/lib/python3.10/multiprocessing/process.py", line 108, in run
    self._target(*self._args, **self._kwargs)
  File "/usr/lib/python3.10/multiprocessing/process.py", line 108, in run
    self._target(*self._args, **self._kwargs)
  File "/usr/lib/python3.10/multiprocessing/process.py", line 108, in run
    self._target(*self._args, **self._kwargs)
  File "/usr/lib/python3.10/concurrent/futures/process.py", line 240, in _process_worker
    call_item = call_queue.get(block=True)
  File "/usr/lib/python3.10/multiprocessing/process.py", line 108, in run
    self._target(*self._args, **self._kwargs)
  File "/usr/lib/python3.10/multiprocessing/process.py", line 108, in run
    self._target(*self._args, **self._kwargs)
  File "/usr/lib/python3.10/concurrent/futures/process.py", line 240, in _process_worker
    call_item = call_queue.get(block=True)
  File "/usr/lib/python3.10/multiprocessing/queues.py", line 102, in get
    with self._rlock:
  File "/usr/lib/python3.10/multiprocessing/process.py", line 108, in run
    self._target(*self._args, **self._kwargs)
  File "/usr/lib/python3.10/multiprocessing/process.py", line 108, in run
    self._target(*self._args, **self._kwargs)
  File "/usr/lib/python3.10/multiprocessing/process.py", line 108, in run
    self._target(*self._args, **self._kwargs)
  File "/usr/lib/python3.10/concurrent/futures/process.py", line 240, in _process_worker
    call_item = call_queue.get(block=True)
  File "/usr/lib/python3.10/multiprocessing/process.py", line 108, in run
    self._target(*self._args, **self._kwargs)
  File "/usr/lib/python3.10/concurrent/futures/process.py", line 240, in _process_worker
    call_item = call_queue.get(block=True)
  File "/usr/lib/python3.10/multiprocessing/process.py", line 108, in run
    self._target(*self._args, **self._kwargs)
  File "/usr/lib/python3.10/concurrent/futures/process.py", line 240, in _process_worker
    call_item = call_queue.get(block=True)
  File "/usr/lib/python3.10/multiprocessing/process.py", line 108, in run
    self._target(*self._args, **self._kwargs)
  File "/usr/lib/python3.10/multiprocessing/process.py", line 108, in run
    self._target(*self._args, **self._kwargs)
  File "/usr/lib/python3.10/multiprocessing/synchronize.py", line 95, in __enter__
    return self._semlock.__enter__()
  File "/usr/lib/python3.10/concurrent/futures/process.py", line 240, in _process_worker
    call_item = call_queue.get(block=True)
  File "/usr/lib/python3.10/multiprocessing/process.py", line 108, in run
    self._target(*self._args, **self._kwargs)
  File "/usr/lib/python3.10/concurrent/futures/process.py", line 240, in _process_worker
    call_item = call_queue.get(block=True)
  File "/usr/lib/python3.10/concurrent/futures/process.py", line 240, in _process_worker
    call_item = call_queue.get(block=True)
  File "/usr/lib/python3.10/concurrent/futures/process.py", line 240, in _process_worker
    call_item = call_queue.get(block=True)
  File "/usr/lib/python3.10/multiprocessing/process.py", line 108, in run
    self._target(*self._args, **self._kwargs)
  File "/usr/lib/python3.10/concurrent/futures/process.py", line 240, in _process_worker
    call_item = call_queue.get(block=True)
  File "/usr/lib/python3.10/multiprocessing/queues.py", line 102, in get
    with self._rlock:
  File "/usr/lib/python3.10/multiprocessing/process.py", line 108, in run
    self._target(*self._args, **self._kwargs)
  File "/usr/lib/python3.10/multiprocessing/process.py", line 108, in run
    self._target(*self._args, **self._kwargs)
  File "/usr/lib/python3.10/concurrent/futures/process.py", line 240, in _process_worker
    call_item = call_queue.get(block=True)
  File "/usr/lib/python3.10/multiprocessing/process.py", line 108, in run
    self._target(*self._args, **self._kwargs)
  File "/usr/lib/python3.10/concurrent/futures/process.py", line 240, in _process_worker
    call_item = call_queue.get(block=True)
  File "/usr/lib/python3.10/multiprocessing/process.py", line 108, in run
    self._target(*self._args, **self._kwargs)
  File "/usr/lib/python3.10/multiprocessing/process.py", line 108, in run
    self._target(*self._args, **self._kwargs)
  File "/usr/lib/python3.10/multiprocessing/process.py", line 108, in run
    self._target(*self._args, **self._kwargs)
  File "/usr/lib/python3.10/concurrent/futures/process.py", line 240, in _process_worker
    call_item = call_queue.get(block=True)
  File "/usr/lib/python3.10/multiprocessing/process.py", line 108, in run
    self._target(*self._args, **self._kwargs)
  File "/usr/lib/python3.10/multiprocessing/queues.py", line 102, in get
    with self._rlock:
  File "/usr/lib/python3.10/multiprocessing/synchronize.py", line 95, in __enter__
    return self._semlock.__enter__()
  File "/usr/lib/python3.10/multiprocessing/queues.py", line 102, in get
    with self._rlock:
  File "/usr/lib/python3.10/multiprocessing/synchronize.py", line 95, in __enter__
    return self._semlock.__enter__()
  File "/usr/lib/python3.10/concurrent/futures/process.py", line 240, in _process_worker
    call_item = call_queue.get(block=True)
KeyboardInterrupt
  File "/usr/lib/python3.10/concurrent/futures/process.py", line 240, in _process_worker
    call_item = call_queue.get(block=True)
  File "/usr/lib/python3.10/multiprocessing/queues.py", line 102, in get
    with self._rlock:
  File "/usr/lib/python3.10/multiprocessing/synchronize.py", line 95, in __enter__
    return self._semlock.__enter__()
  File "/usr/lib/python3.10/multiprocessing/queues.py", line 102, in get
    with self._rlock:
  File "/usr/lib/python3.10/concurrent/futures/process.py", line 240, in _process_worker
    call_item = call_queue.get(block=True)
  File "/usr/lib/python3.10/multiprocessing/queues.py", line 102, in get
    with self._rlock:
  File "/usr/lib/python3.10/concurrent/futures/process.py", line 240, in _process_worker
    call_item = call_queue.get(block=True)
  File "/usr/lib/python3.10/multiprocessing/queues.py", line 102, in get
    with self._rlock:
  File "/usr/lib/python3.10/concurrent/futures/process.py", line 240, in _process_worker
    call_item = call_queue.get(block=True)
  File "/usr/lib/python3.10/multiprocessing/queues.py", line 102, in get
    with self._rlock:
  File "/usr/lib/python3.10/multiprocessing/synchronize.py", line 95, in __enter__
    return self._semlock.__enter__()
  File "/usr/lib/python3.10/concurrent/futures/process.py", line 240, in _process_worker
    call_item = call_queue.get(block=True)
  File "/usr/lib/python3.10/multiprocessing/queues.py", line 102, in get
    with self._rlock:
  File "/usr/lib/python3.10/concurrent/futures/process.py", line 240, in _process_worker
    call_item = call_queue.get(block=True)
  File "/usr/lib/python3.10/multiprocessing/queues.py", line 102, in get
    with self._rlock:
  File "/usr/lib/python3.10/concurrent/futures/process.py", line 240, in _process_worker
    call_item = call_queue.get(block=True)
  File "/usr/lib/python3.10/multiprocessing/synchronize.py", line 95, in __enter__
    return self._semlock.__enter__()
  File "/usr/lib/python3.10/concurrent/futures/process.py", line 240, in _process_worker
    call_item = call_queue.get(block=True)
  File "/usr/lib/python3.10/multiprocessing/queues.py", line 103, in get
    res = self._recv_bytes()
  File "/usr/lib/python3.10/concurrent/futures/process.py", line 240, in _process_worker
    call_item = call_queue.get(block=True)
  File "/usr/lib/python3.10/concurrent/futures/process.py", line 240, in _process_worker
    call_item = call_queue.get(block=True)
  File "/usr/lib/python3.10/multiprocessing/queues.py", line 102, in get
    with self._rlock:
  File "/usr/lib/python3.10/multiprocessing/synchronize.py", line 95, in __enter__
    return self._semlock.__enter__()
  File "/usr/lib/python3.10/concurrent/futures/process.py", line 240, in _process_worker
    call_item = call_queue.get(block=True)
  File "/usr/lib/python3.10/multiprocessing/queues.py", line 102, in get
    with self._rlock:
  File "/usr/lib/python3.10/multiprocessing/queues.py", line 102, in get
    with self._rlock:
  File "/usr/lib/python3.10/concurrent/futures/process.py", line 240, in _process_worker
    call_item = call_queue.get(block=True)
KeyboardInterrupt
  File "/usr/lib/python3.10/multiprocessing/synchronize.py", line 95, in __enter__
    return self._semlock.__enter__()
  File "/usr/lib/python3.10/multiprocessing/synchronize.py", line 95, in __enter__
    return self._semlock.__enter__()
  File "/usr/lib/python3.10/multiprocessing/queues.py", line 102, in get
    with self._rlock:
  File "/usr/lib/python3.10/multiprocessing/queues.py", line 102, in get
    with self._rlock:
  File "/usr/lib/python3.10/multiprocessing/queues.py", line 102, in get
    with self._rlock:
  File "/usr/lib/python3.10/multiprocessing/synchronize.py", line 95, in __enter__
    return self._semlock.__enter__()
  File "/usr/lib/python3.10/multiprocessing/queues.py", line 102, in get
    with self._rlock:
  File "/usr/lib/python3.10/multiprocessing/synchronize.py", line 95, in __enter__
    return self._semlock.__enter__()
  File "/usr/lib/python3.10/concurrent/futures/process.py", line 240, in _process_worker
    call_item = call_queue.get(block=True)
  File "/usr/lib/python3.10/multiprocessing/queues.py", line 102, in get
    with self._rlock:
  File "/usr/lib/python3.10/multiprocessing/queues.py", line 102, in get
    with self._rlock:
  File "/usr/lib/python3.10/concurrent/futures/process.py", line 240, in _process_worker
    call_item = call_queue.get(block=True)
  File "/usr/lib/python3.10/multiprocessing/queues.py", line 102, in get
    with self._rlock:
  File "/usr/lib/python3.10/multiprocessing/synchronize.py", line 95, in __enter__
    return self._semlock.__enter__()
  File "/usr/lib/python3.10/multiprocessing/queues.py", line 102, in get
    with self._rlock:
  File "/usr/lib/python3.10/multiprocessing/connection.py", line 216, in recv_bytes
    buf = self._recv_bytes(maxlength)
  File "/usr/lib/python3.10/multiprocessing/connection.py", line 414, in _recv_bytes
    buf = self._recv(4)
KeyboardInterrupt
  File "/usr/lib/python3.10/multiprocessing/queues.py", line 102, in get
    with self._rlock:
KeyboardInterrupt
  File "/usr/lib/python3.10/multiprocessing/synchronize.py", line 95, in __enter__
    return self._semlock.__enter__()
KeyboardInterrupt
KeyboardInterrupt
  File "/usr/lib/python3.10/multiprocessing/synchronize.py", line 95, in __enter__
    return self._semlock.__enter__()
  File "/usr/lib/python3.10/multiprocessing/synchronize.py", line 95, in __enter__
    return self._semlock.__enter__()
  File "/usr/lib/python3.10/multiprocessing/synchronize.py", line 95, in __enter__
    return self._semlock.__enter__()
  File "/usr/lib/python3.10/multiprocessing/synchronize.py", line 95, in __enter__
    return self._semlock.__enter__()
KeyboardInterrupt
KeyboardInterrupt
  File "/usr/lib/python3.10/multiprocessing/synchronize.py", line 95, in __enter__
    return self._semlock.__enter__()
KeyboardInterrupt
  File "/usr/lib/python3.10/multiprocessing/synchronize.py", line 95, in __enter__
    return self._semlock.__enter__()
  File "/usr/lib/python3.10/multiprocessing/queues.py", line 102, in get
    with self._rlock:
  File "/usr/lib/python3.10/multiprocessing/queues.py", line 102, in get
    with self._rlock:
  File "/usr/lib/python3.10/multiprocessing/synchronize.py", line 95, in __enter__
    return self._semlock.__enter__()
Training interrupted.
Training is done. Took 8.11 minutes.
Successfully saved checkpoint and config in runs/winter-serenity-74.
wandb: - 0.007 MB of 0.007 MB uploadedwandb:                                                                                
wandb: 
wandb: Run history:
wandb:            lr ▁▂▃▄▅▅▆▇█
wandb:     num_iters ▁
wandb:    num_params ▁
wandb:    num_tokens ▁
wandb: time_per_iter ▁█▃▃▃▃▃▃▃
wandb:   tokens_seen ▁▂▃▄▅▅▆▇█
wandb:    train_loss █▅▄▂▂▁▁▁▁
wandb:      val_loss █▅▃▂▂▂▁▁▁
wandb: 
wandb: Run summary:
wandb:             dtype bfloat16
wandb:                lr 0.00087
wandb:         num_iters 100
wandb:        num_params 123532032
wandb:        num_tokens 52428800
wandb:     time_per_iter 4.29072
wandb:       tokens_seen 50331648
wandb:        train_loss 6.15297
wandb:    use_flash_attn True
wandb: use_torch_compile True
wandb:          val_loss 6.14502
wandb: 
wandb: 🚀 View run winter-serenity-74 at: https://wandb.ai/alexandretl/arena/runs/269lxk2p
wandb: ⭐️ View project at: https://wandb.ai/alexandretl/arena
wandb: Synced 5 W&B file(s), 0 media file(s), 0 artifact file(s) and 0 other file(s)
wandb: Find logs at: ./wandb/run-20240918_172352-269lxk2p/logs
