wandb: Using wandb-core as the SDK backend. Please refer to https://wandb.me/wandb-core for more information.
wandb: Currently logged in as: alexandretl. Use `wandb login --relogin` to force relogin
wandb: Tracking run with wandb version 0.18.1
wandb: Run data is saved locally in /workspace/arena/wandb/run-20240918_113954-2c4w93i6
wandb: Run `wandb offline` to turn off syncing.
wandb: Syncing run bumbling-dawn-62
wandb: ⭐️ View project at https://wandb.ai/alexandretl/arena
wandb: 🚀 View run at https://wandb.ai/alexandretl/arena/runs/2c4w93i6
Run name: bumbling-dawn-62.
DataLoader: total number of tokens: 10,255,324,043 across 103 files
DataLoader: total number of tokens: 100,000,000 across 1 files
Model initialized. Number of parameters : 123551232.
Compiling the model...
Done compiling.
Training is starting.
Iter 0000/8200. train loss : 10.948. valid loss : 10.946. lr : 0.00001. uptime : 00h00min. ETA : 09h36min.
Iter 0012/8200. train loss : 9.366. valid loss : 9.301. lr : 0.00012. uptime : 00h01min. ETA : 12h04min.
Iter 0024/8200. train loss : 8.109. valid loss : 8.029. lr : 0.00022. uptime : 00h02min. ETA : 11h41min.
Iter 0036/8200. train loss : 7.467. valid loss : 7.451. lr : 0.00033. uptime : 00h03min. ETA : 11h40min.
Iter 0048/8200. train loss : 7.302. valid loss : 7.424. lr : 0.00044. uptime : 00h05min. ETA : 11h40min.
Iter 0060/8200. train loss : 7.184. valid loss : 7.188. lr : 0.00055. uptime : 00h06min. ETA : 11h39min.
Iter 0072/8200. train loss : 7.043. valid loss : 6.960. lr : 0.00066. uptime : 00h07min. ETA : 11h37min.
Iter 0084/8200. train loss : 6.813. valid loss : 6.798. lr : 0.00076. uptime : 00h08min. ETA : 11h37min.
Iter 0096/8200. train loss : 6.736. valid loss : 6.731. lr : 0.00087. uptime : 00h09min. ETA : 11h35min.
Iter 0108/8200. train loss : 6.607. valid loss : 6.609. lr : 0.00098. uptime : 00h10min. ETA : 11h35min.
Iter 0120/8200. train loss : 6.548. valid loss : 6.564. lr : 0.00109. uptime : 00h11min. ETA : 11h33min.
Iter 0132/8200. train loss : 7.812. valid loss : 7.890. lr : 0.00120. uptime : 00h12min. ETA : 11h32min.
Iter 0144/8200. train loss : 7.718. valid loss : 7.669. lr : 0.00130. uptime : 00h13min. ETA : 11h31min.
Iter 0156/8200. train loss : 7.746. valid loss : 7.682. lr : 0.00141. uptime : 00h14min. ETA : 11h30min.
Iter 0168/8200. train loss : 7.685. valid loss : 7.702. lr : 0.00152. uptime : 00h15min. ETA : 11h29min.
Iter 0180/8200. train loss : 7.674. valid loss : 7.661. lr : 0.00163. uptime : 00h16min. ETA : 11h28min.
Iter 0192/8200. train loss : 7.528. valid loss : 7.664. lr : 0.00174. uptime : 00h17min. ETA : 11h29min.
Iter 0204/8200. train loss : 7.620. valid loss : 7.609. lr : 0.00180. uptime : 00h18min. ETA : 11h27min.
Iter 0216/8200. train loss : 7.389. valid loss : 7.357. lr : 0.00180. uptime : 00h19min. ETA : 11h25min.
Iter 0228/8200. train loss : 7.227. valid loss : 7.156. lr : 0.00180. uptime : 00h20min. ETA : 11h24min.
Iter 0240/8200. train loss : 7.082. valid loss : 6.984. lr : 0.00180. uptime : 00h21min. ETA : 11h23min.
Iter 0252/8200. train loss : 6.778. valid loss : 6.800. lr : 0.00180. uptime : 00h22min. ETA : 11h22min.
Iter 0264/8200. train loss : 6.653. valid loss : 6.691. lr : 0.00180. uptime : 00h23min. ETA : 11h21min.
Iter 0276/8200. train loss : 6.600. valid loss : 6.590. lr : 0.00180. uptime : 00h24min. ETA : 11h20min.
Iter 0288/8200. train loss : 6.473. valid loss : 6.552. lr : 0.00180. uptime : 00h25min. ETA : 11h19min.
Iter 0300/8200. train loss : 6.442. valid loss : 6.508. lr : 0.00180. uptime : 00h26min. ETA : 11h18min.
Iter 0312/8200. train loss : 6.441. valid loss : 6.400. lr : 0.00180. uptime : 00h27min. ETA : 11h17min.
Iter 0324/8200. train loss : 6.441. valid loss : 6.440. lr : 0.00180. uptime : 00h28min. ETA : 11h16min.
Iter 0336/8200. train loss : 6.542. valid loss : 6.459. lr : 0.00180. uptime : 00h29min. ETA : 11h15min.
Iter 0348/8200. train loss : 6.288. valid loss : 6.283. lr : 0.00180. uptime : 00h30min. ETA : 11h14min.
Iter 0360/8200. train loss : 6.319. valid loss : 6.303. lr : 0.00180. uptime : 00h31min. ETA : 11h13min.
Iter 0372/8200. train loss : 6.282. valid loss : 6.248. lr : 0.00180. uptime : 00h32min. ETA : 11h12min.
Iter 0384/8200. train loss : 6.225. valid loss : 6.287. lr : 0.00180. uptime : 00h33min. ETA : 11h14min.
Iter 0396/8200. train loss : 6.103. valid loss : 6.154. lr : 0.00180. uptime : 00h34min. ETA : 11h11min.
Iter 0408/8200. train loss : 6.216. valid loss : 6.146. lr : 0.00180. uptime : 00h35min. ETA : 11h09min.
Iter 0420/8200. train loss : 6.135. valid loss : 6.116. lr : 0.00180. uptime : 00h36min. ETA : 11h08min.
Iter 0432/8200. train loss : 6.129. valid loss : 6.064. lr : 0.00180. uptime : 00h38min. ETA : 11h07min.
Iter 0444/8200. train loss : 6.096. valid loss : 6.118. lr : 0.00180. uptime : 00h39min. ETA : 11h06min.
Iter 0456/8200. train loss : 6.089. valid loss : 6.095. lr : 0.00180. uptime : 00h40min. ETA : 11h05min.
Iter 0468/8200. train loss : 6.093. valid loss : 6.105. lr : 0.00180. uptime : 00h41min. ETA : 11h04min.
Iter 0480/8200. train loss : 6.016. valid loss : 6.044. lr : 0.00180. uptime : 00h42min. ETA : 11h03min.
Process ForkProcess-30:
Process ForkProcess-31:
Process ForkProcess-24:
Process ForkProcess-18:
Process ForkProcess-28:
Process ForkProcess-27:
Traceback (most recent call last):
Process ForkProcess-32:
Process ForkProcess-20:
Process ForkProcess-26:
Process ForkProcess-25:
Process ForkProcess-22:
Process ForkProcess-17:
Process ForkProcess-29:
Process ForkProcess-19:
Process ForkProcess-23:
Process ForkProcess-21:
Process ForkProcess-16:
Process ForkProcess-13:
Process ForkProcess-9:
Process ForkProcess-5:
Process ForkProcess-2:
Process ForkProcess-14:
Process ForkProcess-3:
Process ForkProcess-10:
Process ForkProcess-4:
Process ForkProcess-7:
Process ForkProcess-11:
Process ForkProcess-15:
Process ForkProcess-8:
Process ForkProcess-12:
Process ForkProcess-6:
Process ForkProcess-1:
Traceback (most recent call last):
Traceback (most recent call last):
Traceback (most recent call last):
Traceback (most recent call last):
Traceback (most recent call last):
Traceback (most recent call last):
Traceback (most recent call last):
Traceback (most recent call last):
Traceback (most recent call last):
Traceback (most recent call last):
Traceback (most recent call last):
Traceback (most recent call last):
Traceback (most recent call last):
Traceback (most recent call last):
Traceback (most recent call last):
Traceback (most recent call last):
Traceback (most recent call last):
Traceback (most recent call last):
Traceback (most recent call last):
Traceback (most recent call last):
Traceback (most recent call last):
  File "/usr/lib/python3.10/multiprocessing/process.py", line 314, in _bootstrap
    self.run()
Traceback (most recent call last):
Traceback (most recent call last):
Traceback (most recent call last):
Traceback (most recent call last):
Traceback (most recent call last):
Traceback (most recent call last):
Training interrupted.Traceback (most recent call last):
Traceback (most recent call last):
  File "/usr/lib/python3.10/multiprocessing/process.py", line 314, in _bootstrap
    self.run()
Traceback (most recent call last):
Traceback (most recent call last):
  File "/usr/lib/python3.10/multiprocessing/process.py", line 314, in _bootstrap
    self.run()
  File "/usr/lib/python3.10/multiprocessing/process.py", line 108, in run
    self._target(*self._args, **self._kwargs)
  File "/usr/lib/python3.10/multiprocessing/process.py", line 314, in _bootstrap
    self.run()
  File "/usr/lib/python3.10/multiprocessing/process.py", line 108, in run
    self._target(*self._args, **self._kwargs)
  File "/usr/lib/python3.10/concurrent/futures/process.py", line 240, in _process_worker
    call_item = call_queue.get(block=True)
  File "/usr/lib/python3.10/multiprocessing/process.py", line 314, in _bootstrap
    self.run()
  File "/usr/lib/python3.10/multiprocessing/process.py", line 108, in run
    self._target(*self._args, **self._kwargs)
  File "/usr/lib/python3.10/concurrent/futures/process.py", line 240, in _process_worker
    call_item = call_queue.get(block=True)
  File "/usr/lib/python3.10/multiprocessing/queues.py", line 102, in get
    with self._rlock:
  File "/usr/lib/python3.10/multiprocessing/process.py", line 314, in _bootstrap
    self.run()
  File "/usr/lib/python3.10/multiprocessing/process.py", line 108, in run
    self._target(*self._args, **self._kwargs)
  File "/usr/lib/python3.10/multiprocessing/process.py", line 108, in run
    self._target(*self._args, **self._kwargs)
  File "/usr/lib/python3.10/multiprocessing/process.py", line 314, in _bootstrap
    self.run()
  File "/usr/lib/python3.10/multiprocessing/process.py", line 108, in run
    self._target(*self._args, **self._kwargs)
  File "/usr/lib/python3.10/multiprocessing/process.py", line 314, in _bootstrap
    self.run()
  File "/usr/lib/python3.10/multiprocessing/process.py", line 108, in run
    self._target(*self._args, **self._kwargs)

  File "/usr/lib/python3.10/multiprocessing/process.py", line 108, in run
    self._target(*self._args, **self._kwargs)
  File "/usr/lib/python3.10/concurrent/futures/process.py", line 240, in _process_worker
    call_item = call_queue.get(block=True)
  File "/usr/lib/python3.10/multiprocessing/process.py", line 314, in _bootstrap
    self.run()
  File "/usr/lib/python3.10/multiprocessing/process.py", line 314, in _bootstrap
    self.run()
  File "/usr/lib/python3.10/multiprocessing/process.py", line 108, in run
    self._target(*self._args, **self._kwargs)
  File "/usr/lib/python3.10/multiprocessing/process.py", line 314, in _bootstrap
    self.run()
  File "/usr/lib/python3.10/multiprocessing/process.py", line 314, in _bootstrap
    self.run()
  File "/usr/lib/python3.10/concurrent/futures/process.py", line 240, in _process_worker
    call_item = call_queue.get(block=True)
  File "/usr/lib/python3.10/multiprocessing/process.py", line 314, in _bootstrap
    self.run()
  File "/usr/lib/python3.10/multiprocessing/process.py", line 314, in _bootstrap
    self.run()
  File "/usr/lib/python3.10/multiprocessing/process.py", line 314, in _bootstrap
    self.run()
  File "/usr/lib/python3.10/multiprocessing/process.py", line 108, in run
    self._target(*self._args, **self._kwargs)
  File "/usr/lib/python3.10/multiprocessing/process.py", line 314, in _bootstrap
    self.run()
  File "/usr/lib/python3.10/multiprocessing/process.py", line 314, in _bootstrap
    self.run()
  File "/usr/lib/python3.10/multiprocessing/process.py", line 314, in _bootstrap
    self.run()
  File "/usr/lib/python3.10/multiprocessing/process.py", line 108, in run
    self._target(*self._args, **self._kwargs)
  File "/usr/lib/python3.10/multiprocessing/process.py", line 314, in _bootstrap
    self.run()
  File "/usr/lib/python3.10/multiprocessing/process.py", line 314, in _bootstrap
    self.run()
  File "/usr/lib/python3.10/multiprocessing/process.py", line 314, in _bootstrap
    self.run()
  File "/usr/lib/python3.10/multiprocessing/process.py", line 314, in _bootstrap
    self.run()
  File "/usr/lib/python3.10/multiprocessing/process.py", line 108, in run
    self._target(*self._args, **self._kwargs)
  File "/usr/lib/python3.10/multiprocessing/process.py", line 314, in _bootstrap
    self.run()
  File "/usr/lib/python3.10/concurrent/futures/process.py", line 240, in _process_worker
    call_item = call_queue.get(block=True)
  File "/usr/lib/python3.10/multiprocessing/process.py", line 314, in _bootstrap
    self.run()
  File "/usr/lib/python3.10/multiprocessing/process.py", line 314, in _bootstrap
    self.run()
  File "/usr/lib/python3.10/multiprocessing/process.py", line 108, in run
    self._target(*self._args, **self._kwargs)
  File "/usr/lib/python3.10/multiprocessing/process.py", line 314, in _bootstrap
    self.run()
  File "/usr/lib/python3.10/multiprocessing/process.py", line 314, in _bootstrap
    self.run()
  File "/usr/lib/python3.10/multiprocessing/process.py", line 314, in _bootstrap
    self.run()
  File "/usr/lib/python3.10/multiprocessing/process.py", line 314, in _bootstrap
    self.run()
  File "/usr/lib/python3.10/multiprocessing/process.py", line 108, in run
    self._target(*self._args, **self._kwargs)
  File "/usr/lib/python3.10/multiprocessing/process.py", line 314, in _bootstrap
    self.run()
  File "/usr/lib/python3.10/multiprocessing/process.py", line 314, in _bootstrap
    self.run()
Training is done. Took 42.49 minutes.  File "/usr/lib/python3.10/multiprocessing/process.py", line 314, in _bootstrap
    self.run()
  File "/usr/lib/python3.10/multiprocessing/process.py", line 108, in run
    self._target(*self._args, **self._kwargs)
  File "/usr/lib/python3.10/multiprocessing/process.py", line 108, in run
    self._target(*self._args, **self._kwargs)
  File "/usr/lib/python3.10/concurrent/futures/process.py", line 240, in _process_worker
    call_item = call_queue.get(block=True)
  File "/usr/lib/python3.10/multiprocessing/queues.py", line 102, in get
    with self._rlock:
  File "/usr/lib/python3.10/multiprocessing/process.py", line 108, in run
    self._target(*self._args, **self._kwargs)
  File "/usr/lib/python3.10/multiprocessing/queues.py", line 102, in get
    with self._rlock:
  File "/usr/lib/python3.10/multiprocessing/synchronize.py", line 95, in __enter__
    return self._semlock.__enter__()
  File "/usr/lib/python3.10/multiprocessing/process.py", line 108, in run
    self._target(*self._args, **self._kwargs)
  File "/usr/lib/python3.10/concurrent/futures/process.py", line 240, in _process_worker
    call_item = call_queue.get(block=True)
  File "/usr/lib/python3.10/concurrent/futures/process.py", line 240, in _process_worker
    call_item = call_queue.get(block=True)
  File "/usr/lib/python3.10/multiprocessing/process.py", line 108, in run
    self._target(*self._args, **self._kwargs)
  File "/usr/lib/python3.10/multiprocessing/synchronize.py", line 95, in __enter__
    return self._semlock.__enter__()
  File "/usr/lib/python3.10/concurrent/futures/process.py", line 240, in _process_worker
    call_item = call_queue.get(block=True)
  File "/usr/lib/python3.10/multiprocessing/process.py", line 108, in run
    self._target(*self._args, **self._kwargs)
  File "/usr/lib/python3.10/concurrent/futures/process.py", line 240, in _process_worker
    call_item = call_queue.get(block=True)
  File "/usr/lib/python3.10/concurrent/futures/process.py", line 240, in _process_worker
    call_item = call_queue.get(block=True)
  File "/usr/lib/python3.10/multiprocessing/queues.py", line 102, in get
    with self._rlock:
  File "/usr/lib/python3.10/concurrent/futures/process.py", line 240, in _process_worker
    call_item = call_queue.get(block=True)
  File "/usr/lib/python3.10/multiprocessing/process.py", line 108, in run
    self._target(*self._args, **self._kwargs)
  File "/usr/lib/python3.10/multiprocessing/process.py", line 108, in run
    self._target(*self._args, **self._kwargs)
  File "/usr/lib/python3.10/concurrent/futures/process.py", line 240, in _process_worker
    call_item = call_queue.get(block=True)
  File "/usr/lib/python3.10/concurrent/futures/process.py", line 240, in _process_worker
    call_item = call_queue.get(block=True)
  File "/usr/lib/python3.10/concurrent/futures/process.py", line 240, in _process_worker
    call_item = call_queue.get(block=True)
  File "/usr/lib/python3.10/concurrent/futures/process.py", line 240, in _process_worker
    call_item = call_queue.get(block=True)
  File "/usr/lib/python3.10/multiprocessing/process.py", line 108, in run
    self._target(*self._args, **self._kwargs)
  File "/usr/lib/python3.10/multiprocessing/process.py", line 108, in run
    self._target(*self._args, **self._kwargs)

  File "/usr/lib/python3.10/multiprocessing/queues.py", line 102, in get
    with self._rlock:
  File "/usr/lib/python3.10/multiprocessing/synchronize.py", line 95, in __enter__
    return self._semlock.__enter__()
  File "/usr/lib/python3.10/concurrent/futures/process.py", line 240, in _process_worker
    call_item = call_queue.get(block=True)
  File "/usr/lib/python3.10/multiprocessing/process.py", line 108, in run
    self._target(*self._args, **self._kwargs)
  File "/usr/lib/python3.10/concurrent/futures/process.py", line 240, in _process_worker
    call_item = call_queue.get(block=True)
  File "/usr/lib/python3.10/multiprocessing/process.py", line 108, in run
    self._target(*self._args, **self._kwargs)
  File "/usr/lib/python3.10/multiprocessing/synchronize.py", line 95, in __enter__
    return self._semlock.__enter__()
  File "/usr/lib/python3.10/multiprocessing/process.py", line 108, in run
    self._target(*self._args, **self._kwargs)
  File "/usr/lib/python3.10/concurrent/futures/process.py", line 240, in _process_worker
    call_item = call_queue.get(block=True)
  File "/usr/lib/python3.10/concurrent/futures/process.py", line 240, in _process_worker
    call_item = call_queue.get(block=True)
  File "/usr/lib/python3.10/multiprocessing/queues.py", line 102, in get
    with self._rlock:
  File "/usr/lib/python3.10/multiprocessing/process.py", line 108, in run
    self._target(*self._args, **self._kwargs)
  File "/usr/lib/python3.10/multiprocessing/queues.py", line 102, in get
    with self._rlock:
  File "/usr/lib/python3.10/multiprocessing/process.py", line 108, in run
    self._target(*self._args, **self._kwargs)
  File "/usr/lib/python3.10/multiprocessing/process.py", line 108, in run
    self._target(*self._args, **self._kwargs)
  File "/usr/lib/python3.10/concurrent/futures/process.py", line 240, in _process_worker
    call_item = call_queue.get(block=True)
KeyboardInterrupt
  File "/usr/lib/python3.10/multiprocessing/queues.py", line 102, in get
    with self._rlock:
  File "/usr/lib/python3.10/multiprocessing/synchronize.py", line 95, in __enter__
    return self._semlock.__enter__()
  File "/usr/lib/python3.10/multiprocessing/process.py", line 108, in run
    self._target(*self._args, **self._kwargs)
  File "/usr/lib/python3.10/concurrent/futures/process.py", line 240, in _process_worker
    call_item = call_queue.get(block=True)
  File "/usr/lib/python3.10/multiprocessing/queues.py", line 103, in get
    res = self._recv_bytes()
  File "/usr/lib/python3.10/multiprocessing/process.py", line 108, in run
    self._target(*self._args, **self._kwargs)
  File "/usr/lib/python3.10/concurrent/futures/process.py", line 240, in _process_worker
    call_item = call_queue.get(block=True)
  File "/usr/lib/python3.10/multiprocessing/queues.py", line 102, in get
    with self._rlock:
  File "/usr/lib/python3.10/multiprocessing/queues.py", line 102, in get
    with self._rlock:
  File "/usr/lib/python3.10/multiprocessing/synchronize.py", line 95, in __enter__
    return self._semlock.__enter__()
  File "/usr/lib/python3.10/multiprocessing/queues.py", line 102, in get
    with self._rlock:
  File "/usr/lib/python3.10/concurrent/futures/process.py", line 240, in _process_worker
    call_item = call_queue.get(block=True)
  File "/usr/lib/python3.10/concurrent/futures/process.py", line 240, in _process_worker
    call_item = call_queue.get(block=True)
  File "/usr/lib/python3.10/multiprocessing/queues.py", line 102, in get
    with self._rlock:
  File "/usr/lib/python3.10/concurrent/futures/process.py", line 240, in _process_worker
    call_item = call_queue.get(block=True)
  File "/usr/lib/python3.10/multiprocessing/queues.py", line 102, in get
    with self._rlock:
  File "/usr/lib/python3.10/multiprocessing/queues.py", line 102, in get
    with self._rlock:
  File "/usr/lib/python3.10/multiprocessing/queues.py", line 102, in get
    with self._rlock:
  File "/usr/lib/python3.10/concurrent/futures/process.py", line 240, in _process_worker
    call_item = call_queue.get(block=True)
  File "/usr/lib/python3.10/multiprocessing/queues.py", line 102, in get
    with self._rlock:
KeyboardInterrupt
  File "/usr/lib/python3.10/concurrent/futures/process.py", line 240, in _process_worker
    call_item = call_queue.get(block=True)
  File "/usr/lib/python3.10/multiprocessing/queues.py", line 102, in get
    with self._rlock:
  File "/usr/lib/python3.10/multiprocessing/synchronize.py", line 95, in __enter__
    return self._semlock.__enter__()
  File "/usr/lib/python3.10/concurrent/futures/process.py", line 240, in _process_worker
    call_item = call_queue.get(block=True)
  File "/usr/lib/python3.10/multiprocessing/queues.py", line 102, in get
    with self._rlock:
  File "/usr/lib/python3.10/multiprocessing/synchronize.py", line 95, in __enter__
    return self._semlock.__enter__()
  File "/usr/lib/python3.10/multiprocessing/queues.py", line 102, in get
    with self._rlock:
  File "/usr/lib/python3.10/multiprocessing/queues.py", line 102, in get
    with self._rlock:
  File "/usr/lib/python3.10/multiprocessing/synchronize.py", line 95, in __enter__
    return self._semlock.__enter__()
  File "/usr/lib/python3.10/multiprocessing/synchronize.py", line 95, in __enter__
    return self._semlock.__enter__()
KeyboardInterrupt
  File "/usr/lib/python3.10/multiprocessing/queues.py", line 102, in get
    with self._rlock:
  File "/usr/lib/python3.10/concurrent/futures/process.py", line 240, in _process_worker
    call_item = call_queue.get(block=True)
  File "/usr/lib/python3.10/multiprocessing/queues.py", line 102, in get
    with self._rlock:
  File "/usr/lib/python3.10/multiprocessing/synchronize.py", line 95, in __enter__
    return self._semlock.__enter__()
KeyboardInterrupt
  File "/usr/lib/python3.10/multiprocessing/queues.py", line 102, in get
    with self._rlock:
  File "/usr/lib/python3.10/multiprocessing/synchronize.py", line 95, in __enter__
    return self._semlock.__enter__()
  File "/usr/lib/python3.10/multiprocessing/queues.py", line 102, in get
    with self._rlock:
KeyboardInterrupt
  File "/usr/lib/python3.10/multiprocessing/queues.py", line 102, in get
    with self._rlock:
  File "/usr/lib/python3.10/multiprocessing/synchronize.py", line 95, in __enter__
    return self._semlock.__enter__()
  File "/usr/lib/python3.10/multiprocessing/synchronize.py", line 95, in __enter__
    return self._semlock.__enter__()
KeyboardInterrupt
  File "/usr/lib/python3.10/concurrent/futures/process.py", line 240, in _process_worker
    call_item = call_queue.get(block=True)
  File "/usr/lib/python3.10/multiprocessing/queues.py", line 102, in get
    with self._rlock:
  File "/usr/lib/python3.10/multiprocessing/synchronize.py", line 95, in __enter__
    return self._semlock.__enter__()
  File "/usr/lib/python3.10/multiprocessing/synchronize.py", line 95, in __enter__
    return self._semlock.__enter__()
  File "/usr/lib/python3.10/multiprocessing/synchronize.py", line 95, in __enter__
    return self._semlock.__enter__()
  File "/usr/lib/python3.10/concurrent/futures/process.py", line 240, in _process_worker
    call_item = call_queue.get(block=True)
  File "/usr/lib/python3.10/multiprocessing/queues.py", line 102, in get
    with self._rlock:
  File "/usr/lib/python3.10/multiprocessing/synchronize.py", line 95, in __enter__
    return self._semlock.__enter__()
KeyboardInterrupt
KeyboardInterrupt
  File "/usr/lib/python3.10/multiprocessing/connection.py", line 216, in recv_bytes
    buf = self._recv_bytes(maxlength)
  File "/usr/lib/python3.10/multiprocessing/connection.py", line 414, in _recv_bytes
    buf = self._recv(4)
  File "/usr/lib/python3.10/multiprocessing/connection.py", line 379, in _recv
    chunk = read(handle, remaining)
  File "/usr/lib/python3.10/multiprocessing/synchronize.py", line 95, in __enter__
    return self._semlock.__enter__()
KeyboardInterrupt
  File "/usr/lib/python3.10/multiprocessing/synchronize.py", line 95, in __enter__
    return self._semlock.__enter__()
  File "/usr/lib/python3.10/multiprocessing/synchronize.py", line 95, in __enter__
    return self._semlock.__enter__()
  File "/usr/lib/python3.10/multiprocessing/synchronize.py", line 95, in __enter__
    return self._semlock.__enter__()
  File "/usr/lib/python3.10/multiprocessing/synchronize.py", line 95, in __enter__
    return self._semlock.__enter__()
KeyboardInterrupt
  File "/usr/lib/python3.10/multiprocessing/synchronize.py", line 95, in __enter__
    return self._semlock.__enter__()
  File "/usr/lib/python3.10/multiprocessing/queues.py", line 102, in get
    with self._rlock:
KeyboardInterrupt
KeyboardInterrupt
KeyboardInterrupt
  File "/usr/lib/python3.10/multiprocessing/queues.py", line 102, in get
    with self._rlock:
KeyboardInterrupt
  File "/usr/lib/python3.10/multiprocessing/synchronize.py", line 95, in __enter__
    return self._semlock.__enter__()
  File "/usr/lib/python3.10/multiprocessing/synchronize.py", line 95, in __enter__
    return self._semlock.__enter__()
  File "/usr/lib/python3.10/multiprocessing/queues.py", line 102, in get
    with self._rlock:
  File "/usr/lib/python3.10/multiprocessing/synchronize.py", line 95, in __enter__
    return self._semlock.__enter__()
KeyboardInterrupt
  File "/usr/lib/python3.10/multiprocessing/synchronize.py", line 95, in __enter__
    return self._semlock.__enter__()
KeyboardInterrupt
KeyboardInterrupt
KeyboardInterrupt
KeyboardInterrupt
  File "/usr/lib/python3.10/multiprocessing/queues.py", line 102, in get
    with self._rlock:
KeyboardInterrupt
KeyboardInterrupt
KeyboardInterrupt
  File "/usr/lib/python3.10/multiprocessing/synchronize.py", line 95, in __enter__
    return self._semlock.__enter__()
KeyboardInterrupt
KeyboardInterrupt
KeyboardInterrupt
KeyboardInterrupt
KeyboardInterrupt
  File "/usr/lib/python3.10/multiprocessing/synchronize.py", line 95, in __enter__
    return self._semlock.__enter__()
  File "/usr/lib/python3.10/multiprocessing/synchronize.py", line 95, in __enter__
    return self._semlock.__enter__()
KeyboardInterrupt
KeyboardInterrupt
KeyboardInterrupt
KeyboardInterrupt
KeyboardInterrupt
Successfully saved checkpoint and config in runs/bumbling-dawn-62.
wandb: - 0.010 MB of 0.010 MB uploadedwandb:                                                                                
wandb: 
wandb: Run history:
wandb:            lr ▁▁▂▂▃▃▄▄▄▅▅▆▆▆▇▇████████████████████████
wandb:     num_iters ▁
wandb:    num_params ▁
wandb:    num_tokens ▁
wandb: time_per_iter ▁█▆▆▆▆▆▆▆▆▆▆▆▆▆▆▆▆▆▆▆▆▆▆▆▆▆▆▆▆▆▆▆▆▆▆▆▆▆▆
wandb:   tokens_seen ▁▁▁▂▂▂▂▂▂▃▃▃▃▃▃▄▄▄▄▄▅▅▅▅▅▅▆▆▆▆▆▆▇▇▇▇▇▇██
wandb:    train_loss █▆▄▃▃▃▂▂▂▂▂▄▃▃▃▃▃▃▃▃▃▂▂▂▂▂▂▂▂▁▁▁▁▁▁▁▁▁▁▁
wandb:      val_loss █▆▄▃▃▃▂▂▂▂▂▄▃▃▃▃▃▃▃▃▂▂▂▂▂▂▂▂▂▁▁▁▁▁▁▁▁▁▁▁
wandb: 
wandb: Run summary:
wandb:             dtype bfloat16
wandb:                lr 0.0018
wandb:         num_iters 485
wandb:        num_params 123551232
wandb:        num_tokens 254279680
wandb:     time_per_iter 5.16093
wandb:       tokens_seen 251658240
wandb:        train_loss 6.01595
wandb:    use_flash_attn True
wandb: use_torch_compile True
wandb:          val_loss 6.04432
wandb: 
wandb: 🚀 View run bumbling-dawn-62 at: https://wandb.ai/alexandretl/arena/runs/2c4w93i6
wandb: ⭐️ View project at: https://wandb.ai/alexandretl/arena
wandb: Synced 5 W&B file(s), 0 media file(s), 0 artifact file(s) and 0 other file(s)
wandb: Find logs at: ./wandb/run-20240918_113954-2c4w93i6/logs
