wandb: Using wandb-core as the SDK backend. Please refer to https://wandb.me/wandb-core for more information.
wandb: Currently logged in as: alexandretl. Use `wandb login --relogin` to force relogin
wandb: Tracking run with wandb version 0.18.1
wandb: Run data is saved locally in /workspace/arena/wandb/run-20240917_105529-760dxwyd
wandb: Run `wandb offline` to turn off syncing.
wandb: Syncing run autumn-shape-25
wandb: ⭐️ View project at https://wandb.ai/alexandretl/arena
wandb: 🚀 View run at https://wandb.ai/alexandretl/arena/runs/760dxwyd
Run name: autumn-shape-25.
DataLoader: total number of tokens: 10,255,324,043 across 103 files
DataLoader: total number of tokens: 100,000,000 across 1 files
Model initialized. Number of parameters : 123551248.
Compiling the model...
Done compiling.
Training is starting.
Iter 0000/8200. train loss : 10.986. valid loss : 10.981. lr : 0.00001. uptime : 00h00min. ETA : 01h24min.
Iter 0064/8200. train loss : 7.084. valid loss : 7.280. lr : 0.00059. uptime : 00h00min. ETA : 00h31min.
Iter 0128/8200. train loss : 7.059. valid loss : 6.791. lr : 0.00116. uptime : 00h01min. ETA : 00h27min.
Iter 0192/8200. train loss : 6.634. valid loss : 6.677. lr : 0.00174. uptime : 00h01min. ETA : 00h27min.
Iter 0256/8200. train loss : 6.446. valid loss : 6.620. lr : 0.00180. uptime : 00h01min. ETA : 00h26min.
Iter 0320/8200. train loss : 6.411. valid loss : 6.477. lr : 0.00180. uptime : 00h01min. ETA : 00h26min.
Iter 0384/8200. train loss : 6.270. valid loss : 6.333. lr : 0.00180. uptime : 00h02min. ETA : 00h26min.
Iter 0448/8200. train loss : 6.249. valid loss : 6.240. lr : 0.00180. uptime : 00h02min. ETA : 00h26min.
Iter 0512/8200. train loss : 6.643. valid loss : 6.303. lr : 0.00180. uptime : 00h02min. ETA : 00h26min.
Iter 0576/8200. train loss : 6.580. valid loss : 6.289. lr : 0.00180. uptime : 00h02min. ETA : 00h25min.
Iter 0640/8200. train loss : 6.409. valid loss : 6.152. lr : 0.00180. uptime : 00h02min. ETA : 00h25min.
Iter 0704/8200. train loss : 6.128. valid loss : 6.225. lr : 0.00180. uptime : 00h03min. ETA : 00h25min.
Iter 0768/8200. train loss : 6.318. valid loss : 6.139. lr : 0.00180. uptime : 00h03min. ETA : 00h25min.
Iter 0832/8200. train loss : 6.214. valid loss : 6.251. lr : 0.00180. uptime : 00h03min. ETA : 00h25min.
Iter 0896/8200. train loss : 6.207. valid loss : 6.185. lr : 0.00180. uptime : 00h03min. ETA : 00h24min.
Iter 0960/8200. train loss : 5.980. valid loss : 6.233. lr : 0.00180. uptime : 00h04min. ETA : 00h24min.
Iter 1024/8200. train loss : 6.194. valid loss : 6.253. lr : 0.00180. uptime : 00h04min. ETA : 00h24min.
Iter 1088/8200. train loss : 6.338. valid loss : 6.320. lr : 0.00180. uptime : 00h04min. ETA : 00h24min.
Iter 1152/8200. train loss : 6.496. valid loss : 6.291. lr : 0.00180. uptime : 00h04min. ETA : 00h23min.
Iter 1216/8200. train loss : 6.067. valid loss : 6.260. lr : 0.00180. uptime : 00h04min. ETA : 00h23min.
Iter 1280/8200. train loss : 6.354. valid loss : 6.313. lr : 0.00180. uptime : 00h05min. ETA : 00h23min.
Iter 1344/8200. train loss : 6.364. valid loss : 6.347. lr : 0.00180. uptime : 00h05min. ETA : 00h23min.
Iter 1408/8200. train loss : 6.093. valid loss : 6.380. lr : 0.00180. uptime : 00h05min. ETA : 00h23min.
Iter 1472/8200. train loss : 6.071. valid loss : 6.405. lr : 0.00180. uptime : 00h05min. ETA : 00h22min.
Iter 1536/8200. train loss : 6.249. valid loss : 6.548. lr : 0.00180. uptime : 00h06min. ETA : 00h22min.
Iter 1600/8200. train loss : 6.405. valid loss : 6.521. lr : 0.00180. uptime : 00h06min. ETA : 00h22min.
Iter 1664/8200. train loss : 6.329. valid loss : 6.506. lr : 0.00180. uptime : 00h06min. ETA : 00h22min.
Iter 1728/8200. train loss : 6.894. valid loss : 6.581. lr : 0.00180. uptime : 00h06min. ETA : 00h21min.
Iter 1792/8200. train loss : 6.156. valid loss : 6.626. lr : 0.00180. uptime : 00h06min. ETA : 00h21min.
Iter 1856/8200. train loss : 6.405. valid loss : 6.505. lr : 0.00180. uptime : 00h07min. ETA : 00h21min.
Iter 1920/8200. train loss : 6.326. valid loss : 6.541. lr : 0.00180. uptime : 00h07min. ETA : 00h21min.
Iter 1984/8200. train loss : 6.382. valid loss : 6.570. lr : 0.00180. uptime : 00h07min. ETA : 00h21min.
Iter 2048/8200. train loss : 6.413. valid loss : 6.608. lr : 0.00180. uptime : 00h07min. ETA : 00h20min.
Iter 2112/8200. train loss : 6.270. valid loss : 6.515. lr : 0.00180. uptime : 00h08min. ETA : 00h20min.
Iter 2176/8200. train loss : 6.429. valid loss : 6.658. lr : 0.00180. uptime : 00h08min. ETA : 00h20min.
Iter 2240/8200. train loss : 6.593. valid loss : 6.679. lr : 0.00180. uptime : 00h08min. ETA : 00h20min.
Iter 2304/8200. train loss : 6.760. valid loss : 6.772. lr : 0.00180. uptime : 00h08min. ETA : 00h19min.
Iter 2368/8200. train loss : 6.909. valid loss : 6.826. lr : 0.00180. uptime : 00h08min. ETA : 00h19min.
Iter 2432/8200. train loss : 6.989. valid loss : 6.819. lr : 0.00180. uptime : 00h09min. ETA : 00h19min.
Iter 2496/8200. train loss : 6.950. valid loss : 6.821. lr : 0.00180. uptime : 00h09min. ETA : 00h19min.
Iter 2560/8200. train loss : 6.487. valid loss : 6.748. lr : 0.00180. uptime : 00h09min. ETA : 00h19min.
Iter 2624/8200. train loss : 7.088. valid loss : 6.847. lr : 0.00180. uptime : 00h09min. ETA : 00h18min.
Iter 2688/8200. train loss : 6.558. valid loss : 6.793. lr : 0.00180. uptime : 00h10min. ETA : 00h18min.
Iter 2752/8200. train loss : 6.645. valid loss : 6.839. lr : 0.00180. uptime : 00h10min. ETA : 00h18min.
Iter 2816/8200. train loss : 7.029. valid loss : 6.838. lr : 0.00180. uptime : 00h10min. ETA : 00h18min.
Iter 2880/8200. train loss : 6.993. valid loss : 6.876. lr : 0.00180. uptime : 00h10min. ETA : 00h17min.
