wandb: Using wandb-core as the SDK backend. Please refer to https://wandb.me/wandb-core for more information.
wandb: Currently logged in as: alexandretl. Use `wandb login --relogin` to force relogin
wandb: Tracking run with wandb version 0.18.0
wandb: Run data is saved locally in /workspace/arena/wandb/run-20240916_054748-nuyuhj85
wandb: Run `wandb offline` to turn off syncing.
wandb: Syncing run splendid-forest-11
wandb: ⭐️ View project at https://wandb.ai/alexandretl/arena
wandb: 🚀 View run at https://wandb.ai/alexandretl/arena/runs/nuyuhj85
Run name: splendid-forest-11.
DataLoader: total number of tokens: 10,255,324,043 across 103 files
DataLoader: total number of tokens: 100,000,000 across 1 files
Model initialized. Number of parameters : 141245968.
Compiling the model...
Done compiling.
Training is starting.
Iter 0000/8200. train loss : 10.954. valid loss : 10.952. lr : 0.00001. uptime : 00h00min. ETA : 16h45min.
Iter 0006/8200. train loss : 9.706. valid loss : 9.597. lr : 0.00006. uptime : 00h01min. ETA : 13h33min.
Iter 0012/8200. train loss : 9.193. valid loss : 9.092. lr : 0.00012. uptime : 00h01min. ETA : 12h54min.
Iter 0018/8200. train loss : 8.625. valid loss : 8.472. lr : 0.00017. uptime : 00h02min. ETA : 12h54min.
Iter 0024/8200. train loss : 7.920. valid loss : 7.839. lr : 0.00022. uptime : 00h03min. ETA : 12h54min.
Iter 0030/8200. train loss : 7.501. valid loss : 7.457. lr : 0.00028. uptime : 00h03min. ETA : 12h53min.
Iter 0036/8200. train loss : 7.196. valid loss : 7.138. lr : 0.00033. uptime : 00h04min. ETA : 12h53min.
Iter 0042/8200. train loss : 7.107. valid loss : 6.987. lr : 0.00039. uptime : 00h04min. ETA : 12h52min.
Iter 0048/8200. train loss : 6.882. valid loss : 6.923. lr : 0.00044. uptime : 00h05min. ETA : 12h52min.
Iter 0054/8200. train loss : 6.762. valid loss : 6.790. lr : 0.00049. uptime : 00h05min. ETA : 12h52min.
Iter 0060/8200. train loss : 6.701. valid loss : 6.620. lr : 0.00055. uptime : 00h06min. ETA : 12h51min.
Iter 0066/8200. train loss : 6.632. valid loss : 6.609. lr : 0.00060. uptime : 00h07min. ETA : 12h51min.
Iter 0072/8200. train loss : 6.537. valid loss : 6.465. lr : 0.00066. uptime : 00h07min. ETA : 12h50min.
Iter 0078/8200. train loss : 6.257. valid loss : 6.398. lr : 0.00071. uptime : 00h08min. ETA : 12h50min.
Iter 0084/8200. train loss : 6.356. valid loss : 6.363. lr : 0.00076. uptime : 00h08min. ETA : 12h49min.
Iter 0090/8200. train loss : 6.314. valid loss : 6.255. lr : 0.00082. uptime : 00h09min. ETA : 12h49min.
Iter 0096/8200. train loss : 6.292. valid loss : 6.234. lr : 0.00087. uptime : 00h09min. ETA : 12h48min.
Iter 0102/8200. train loss : 6.166. valid loss : 6.225. lr : 0.00093. uptime : 00h10min. ETA : 12h48min.
Iter 0108/8200. train loss : 6.291. valid loss : 6.347. lr : 0.00098. uptime : 00h11min. ETA : 12h47min.
Iter 0114/8200. train loss : 7.642. valid loss : 7.050. lr : 0.00103. uptime : 00h11min. ETA : 12h46min.
Iter 0120/8200. train loss : 7.075. valid loss : 7.175. lr : 0.00109. uptime : 00h12min. ETA : 12h46min.
Iter 0126/8200. train loss : 6.854. valid loss : 6.767. lr : 0.00114. uptime : 00h12min. ETA : 12h45min.
Iter 0132/8200. train loss : 6.536. valid loss : 6.572. lr : 0.00120. uptime : 00h13min. ETA : 12h45min.
Iter 0138/8200. train loss : 6.366. valid loss : 6.410. lr : 0.00125. uptime : 00h13min. ETA : 12h44min.
Iter 0144/8200. train loss : 6.338. valid loss : 6.336. lr : 0.00130. uptime : 00h14min. ETA : 12h44min.
Iter 0150/8200. train loss : 6.264. valid loss : 6.248. lr : 0.00136. uptime : 00h14min. ETA : 12h43min.
Iter 0156/8200. train loss : 6.215. valid loss : 6.152. lr : 0.00141. uptime : 00h15min. ETA : 12h43min.
Iter 0162/8200. train loss : 6.066. valid loss : 6.131. lr : 0.00147. uptime : 00h16min. ETA : 12h42min.
Iter 0168/8200. train loss : 6.047. valid loss : 6.195. lr : 0.00152. uptime : 00h16min. ETA : 12h41min.
Iter 0174/8200. train loss : 6.097. valid loss : 6.018. lr : 0.00158. uptime : 00h17min. ETA : 12h41min.
Iter 0180/8200. train loss : 5.944. valid loss : 6.002. lr : 0.00163. uptime : 00h17min. ETA : 12h40min.
Iter 0186/8200. train loss : 5.993. valid loss : 5.947. lr : 0.00168. uptime : 00h18min. ETA : 12h40min.
Iter 0192/8200. train loss : 5.823. valid loss : 6.001. lr : 0.00174. uptime : 00h18min. ETA : 12h42min.
Iter 0198/8200. train loss : 5.867. valid loss : 5.895. lr : 0.00179. uptime : 00h19min. ETA : 12h39min.
Iter 0204/8200. train loss : 5.902. valid loss : 5.883. lr : 0.00180. uptime : 00h20min. ETA : 12h38min.
Iter 0210/8200. train loss : 5.789. valid loss : 5.789. lr : 0.00180. uptime : 00h20min. ETA : 12h37min.
Iter 0216/8200. train loss : 5.755. valid loss : 5.747. lr : 0.00180. uptime : 00h21min. ETA : 12h37min.
Iter 0222/8200. train loss : 5.770. valid loss : 5.814. lr : 0.00180. uptime : 00h21min. ETA : 12h36min.
Iter 0228/8200. train loss : 5.757. valid loss : 5.785. lr : 0.00180. uptime : 00h22min. ETA : 12h36min.
Iter 0234/8200. train loss : 5.688. valid loss : 5.716. lr : 0.00180. uptime : 00h22min. ETA : 12h35min.
Iter 0240/8200. train loss : 5.685. valid loss : 5.659. lr : 0.00180. uptime : 00h23min. ETA : 12h35min.
Iter 0246/8200. train loss : 5.711. valid loss : 5.723. lr : 0.00180. uptime : 00h24min. ETA : 12h34min.
Iter 0252/8200. train loss : 5.609. valid loss : 5.682. lr : 0.00180. uptime : 00h24min. ETA : 12h33min.
Iter 0258/8200. train loss : 5.572. valid loss : 5.710. lr : 0.00180. uptime : 00h25min. ETA : 12h33min.
Iter 0264/8200. train loss : 5.524. valid loss : 5.495. lr : 0.00180. uptime : 00h25min. ETA : 12h32min.
Iter 0270/8200. train loss : 5.535. valid loss : 5.481. lr : 0.00180. uptime : 00h26min. ETA : 12h32min.
Iter 0276/8200. train loss : 5.475. valid loss : 5.424. lr : 0.00180. uptime : 00h26min. ETA : 12h31min.
Iter 0282/8200. train loss : 5.566. valid loss : 5.542. lr : 0.00180. uptime : 00h27min. ETA : 12h31min.
Iter 0288/8200. train loss : 5.433. valid loss : 5.480. lr : 0.00180. uptime : 00h28min. ETA : 12h30min.
Iter 0294/8200. train loss : 5.513. valid loss : 5.426. lr : 0.00180. uptime : 00h28min. ETA : 12h29min.
Iter 0300/8200. train loss : 5.451. valid loss : 5.439. lr : 0.00180. uptime : 00h29min. ETA : 12h29min.
Iter 0306/8200. train loss : 5.372. valid loss : 5.386. lr : 0.00180. uptime : 00h29min. ETA : 12h28min.
Iter 0312/8200. train loss : 5.343. valid loss : 5.337. lr : 0.00180. uptime : 00h30min. ETA : 12h28min.
Iter 0318/8200. train loss : 5.407. valid loss : 5.415. lr : 0.00180. uptime : 00h30min. ETA : 12h27min.
Iter 0324/8200. train loss : 5.368. valid loss : 5.346. lr : 0.00180. uptime : 00h31min. ETA : 12h27min.
Iter 0330/8200. train loss : 5.263. valid loss : 5.317. lr : 0.00180. uptime : 00h32min. ETA : 12h26min.
Iter 0336/8200. train loss : 5.558. valid loss : 5.292. lr : 0.00180. uptime : 00h32min. ETA : 12h25min.
Iter 0342/8200. train loss : 5.306. valid loss : 5.287. lr : 0.00180. uptime : 00h33min. ETA : 12h26min.
Iter 0348/8200. train loss : 5.216. valid loss : 5.249. lr : 0.00180. uptime : 00h33min. ETA : 12h24min.
Iter 0354/8200. train loss : 5.196. valid loss : 5.175. lr : 0.00180. uptime : 00h34min. ETA : 12h24min.
Iter 0360/8200. train loss : 5.314. valid loss : 5.301. lr : 0.00180. uptime : 00h34min. ETA : 12h23min.
Iter 0366/8200. train loss : 5.205. valid loss : 5.198. lr : 0.00180. uptime : 00h35min. ETA : 12h23min.
Iter 0372/8200. train loss : 5.232. valid loss : 5.262. lr : 0.00180. uptime : 00h36min. ETA : 12h22min.
Iter 0378/8200. train loss : 5.193. valid loss : 5.221. lr : 0.00180. uptime : 00h36min. ETA : 12h21min.
Iter 0384/8200. train loss : 5.155. valid loss : 5.139. lr : 0.00180. uptime : 00h37min. ETA : 12h24min.
Iter 0390/8200. train loss : 5.113. valid loss : 5.111. lr : 0.00180. uptime : 00h37min. ETA : 12h21min.
Iter 0396/8200. train loss : 5.061. valid loss : 5.126. lr : 0.00180. uptime : 00h38min. ETA : 12h20min.
Iter 0402/8200. train loss : 5.128. valid loss : 5.126. lr : 0.00180. uptime : 00h38min. ETA : 12h19min.
Iter 0408/8200. train loss : 5.177. valid loss : 5.068. lr : 0.00180. uptime : 00h39min. ETA : 12h19min.
Iter 0414/8200. train loss : 5.136. valid loss : 5.221. lr : 0.00180. uptime : 00h40min. ETA : 12h18min.
Iter 0420/8200. train loss : 5.038. valid loss : 5.083. lr : 0.00180. uptime : 00h40min. ETA : 12h17min.
Iter 0426/8200. train loss : 5.012. valid loss : 5.063. lr : 0.00180. uptime : 00h41min. ETA : 12h17min.
Iter 0432/8200. train loss : 5.100. valid loss : 5.036. lr : 0.00180. uptime : 00h41min. ETA : 12h16min.
Iter 0438/8200. train loss : 4.998. valid loss : 5.008. lr : 0.00180. uptime : 00h42min. ETA : 12h16min.
Iter 0444/8200. train loss : 5.061. valid loss : 5.027. lr : 0.00180. uptime : 00h42min. ETA : 12h15min.
Iter 0450/8200. train loss : 5.018. valid loss : 5.088. lr : 0.00180. uptime : 00h43min. ETA : 12h15min.
Iter 0456/8200. train loss : 5.014. valid loss : 4.989. lr : 0.00180. uptime : 00h44min. ETA : 12h14min.
Iter 0462/8200. train loss : 4.908. valid loss : 4.939. lr : 0.00180. uptime : 00h44min. ETA : 12h14min.
Iter 0468/8200. train loss : 5.054. valid loss : 4.998. lr : 0.00180. uptime : 00h45min. ETA : 12h13min.
Iter 0474/8200. train loss : 4.989. valid loss : 5.033. lr : 0.00180. uptime : 00h45min. ETA : 12h12min.
Iter 0480/8200. train loss : 4.954. valid loss : 4.996. lr : 0.00180. uptime : 00h46min. ETA : 12h12min.
Iter 0486/8200. train loss : 5.036. valid loss : 4.946. lr : 0.00179. uptime : 00h46min. ETA : 12h11min.
Iter 0492/8200. train loss : 4.961. valid loss : 4.964. lr : 0.00179. uptime : 00h47min. ETA : 12h11min.
Iter 0498/8200. train loss : 5.034. valid loss : 5.002. lr : 0.00179. uptime : 00h48min. ETA : 12h10min.
Iter 0504/8200. train loss : 5.001. valid loss : 4.960. lr : 0.00179. uptime : 00h48min. ETA : 12h10min.
Iter 0510/8200. train loss : 4.884. valid loss : 4.758. lr : 0.00179. uptime : 00h49min. ETA : 12h09min.
Iter 0516/8200. train loss : 5.026. valid loss : 4.951. lr : 0.00179. uptime : 00h49min. ETA : 12h08min.
Iter 0522/8200. train loss : 4.946. valid loss : 5.010. lr : 0.00179. uptime : 00h50min. ETA : 12h08min.
Iter 0528/8200. train loss : 4.955. valid loss : 4.989. lr : 0.00179. uptime : 00h50min. ETA : 12h07min.
Iter 0534/8200. train loss : 4.933. valid loss : 4.929. lr : 0.00179. uptime : 00h51min. ETA : 12h07min.
Iter 0540/8200. train loss : 5.003. valid loss : 4.902. lr : 0.00179. uptime : 00h52min. ETA : 12h06min.
Iter 0546/8200. train loss : 4.852. valid loss : 4.952. lr : 0.00179. uptime : 00h52min. ETA : 12h05min.
Iter 0552/8200. train loss : 5.024. valid loss : 4.964. lr : 0.00179. uptime : 00h53min. ETA : 12h05min.
Iter 0558/8200. train loss : 4.870. valid loss : 4.932. lr : 0.00179. uptime : 00h53min. ETA : 12h04min.
Iter 0564/8200. train loss : 4.861. valid loss : 4.923. lr : 0.00179. uptime : 00h54min. ETA : 12h04min.
Iter 0570/8200. train loss : 4.813. valid loss : 4.865. lr : 0.00179. uptime : 00h54min. ETA : 12h03min.
Iter 0576/8200. train loss : 4.890. valid loss : 4.881. lr : 0.00179. uptime : 00h55min. ETA : 12h07min.
Iter 0582/8200. train loss : 4.863. valid loss : 4.831. lr : 0.00179. uptime : 00h56min. ETA : 12h02min.
Iter 0588/8200. train loss : 4.864. valid loss : 4.845. lr : 0.00179. uptime : 00h56min. ETA : 12h01min.
Iter 0594/8200. train loss : 4.810. valid loss : 4.861. lr : 0.00179. uptime : 00h57min. ETA : 12h01min.
Iter 0600/8200. train loss : 4.885. valid loss : 4.865. lr : 0.00179. uptime : 00h57min. ETA : 12h00min.
Iter 0606/8200. train loss : 4.854. valid loss : 4.825. lr : 0.00179. uptime : 00h58min. ETA : 12h00min.
Iter 0612/8200. train loss : 4.926. valid loss : 4.880. lr : 0.00179. uptime : 00h58min. ETA : 11h59min.
Iter 0618/8200. train loss : 4.840. valid loss : 4.877. lr : 0.00179. uptime : 00h59min. ETA : 11h59min.
Iter 0624/8200. train loss : 4.847. valid loss : 4.822. lr : 0.00179. uptime : 01h00min. ETA : 11h58min.
Iter 0630/8200. train loss : 4.834. valid loss : 4.879. lr : 0.00179. uptime : 01h00min. ETA : 11h58min.
Iter 0636/8200. train loss : 4.922. valid loss : 4.881. lr : 0.00179. uptime : 01h01min. ETA : 11h57min.
Iter 0642/8200. train loss : 4.909. valid loss : 4.812. lr : 0.00179. uptime : 01h01min. ETA : 11h56min.
Iter 0648/8200. train loss : 4.978. valid loss : 4.819. lr : 0.00179. uptime : 01h02min. ETA : 11h56min.
Iter 0654/8200. train loss : 4.829. valid loss : 4.837. lr : 0.00179. uptime : 01h02min. ETA : 11h55min.
Iter 0660/8200. train loss : 4.894. valid loss : 4.863. lr : 0.00179. uptime : 01h03min. ETA : 11h55min.
Iter 0666/8200. train loss : 4.750. valid loss : 4.805. lr : 0.00179. uptime : 01h04min. ETA : 11h54min.
Iter 0672/8200. train loss : 4.835. valid loss : 4.806. lr : 0.00179. uptime : 01h04min. ETA : 11h54min.
Iter 0678/8200. train loss : 4.880. valid loss : 4.868. lr : 0.00179. uptime : 01h05min. ETA : 11h53min.
Iter 0684/8200. train loss : 4.857. valid loss : 4.773. lr : 0.00179. uptime : 01h05min. ETA : 11h52min.
Iter 0690/8200. train loss : 4.853. valid loss : 4.885. lr : 0.00178. uptime : 01h06min. ETA : 11h52min.
Iter 0696/8200. train loss : 4.747. valid loss : 4.833. lr : 0.00178. uptime : 01h06min. ETA : 11h51min.
Iter 0702/8200. train loss : 4.880. valid loss : 4.810. lr : 0.00178. uptime : 01h07min. ETA : 11h51min.
Iter 0708/8200. train loss : 4.846. valid loss : 4.819. lr : 0.00178. uptime : 01h07min. ETA : 11h50min.
Iter 0714/8200. train loss : 4.832. valid loss : 4.820. lr : 0.00178. uptime : 01h08min. ETA : 11h50min.
Iter 0720/8200. train loss : 4.782. valid loss : 4.785. lr : 0.00178. uptime : 01h09min. ETA : 11h49min.
Iter 0726/8200. train loss : 4.776. valid loss : 4.892. lr : 0.00178. uptime : 01h09min. ETA : 11h49min.
Iter 0732/8200. train loss : 4.807. valid loss : 4.796. lr : 0.00178. uptime : 01h10min. ETA : 11h58min.
Iter 0738/8200. train loss : 4.877. valid loss : 4.839. lr : 0.00178. uptime : 01h10min. ETA : 11h47min.
Iter 0744/8200. train loss : 4.818. valid loss : 4.748. lr : 0.00178. uptime : 01h11min. ETA : 11h47min.
Iter 0750/8200. train loss : 4.783. valid loss : 4.809. lr : 0.00178. uptime : 01h11min. ETA : 11h46min.
Iter 0756/8200. train loss : 4.804. valid loss : 4.741. lr : 0.00178. uptime : 01h12min. ETA : 11h45min.
Iter 0762/8200. train loss : 4.761. valid loss : 4.791. lr : 0.00178. uptime : 01h13min. ETA : 11h48min.
Iter 0768/8200. train loss : 4.752. valid loss : 4.766. lr : 0.00178. uptime : 01h13min. ETA : 11h44min.
Iter 0774/8200. train loss : 4.801. valid loss : 4.694. lr : 0.00178. uptime : 01h14min. ETA : 11h44min.
Iter 0780/8200. train loss : 4.819. valid loss : 4.785. lr : 0.00178. uptime : 01h14min. ETA : 11h43min.
Iter 0786/8200. train loss : 4.760. valid loss : 4.756. lr : 0.00178. uptime : 01h15min. ETA : 11h43min.
Iter 0792/8200. train loss : 4.839. valid loss : 4.709. lr : 0.00178. uptime : 01h15min. ETA : 11h42min.
Iter 0798/8200. train loss : 4.799. valid loss : 4.760. lr : 0.00178. uptime : 01h16min. ETA : 11h42min.
Iter 0804/8200. train loss : 4.709. valid loss : 4.697. lr : 0.00178. uptime : 01h17min. ETA : 11h41min.
Iter 0810/8200. train loss : 4.741. valid loss : 4.718. lr : 0.00178. uptime : 01h17min. ETA : 11h41min.
Iter 0816/8200. train loss : 4.743. valid loss : 4.752. lr : 0.00178. uptime : 01h18min. ETA : 11h40min.
Iter 0822/8200. train loss : 4.658. valid loss : 4.662. lr : 0.00178. uptime : 01h18min. ETA : 11h39min.
Iter 0828/8200. train loss : 4.758. valid loss : 4.787. lr : 0.00178. uptime : 01h19min. ETA : 11h39min.
Iter 0834/8200. train loss : 4.743. valid loss : 4.723. lr : 0.00177. uptime : 01h19min. ETA : 11h38min.
Iter 0840/8200. train loss : 4.708. valid loss : 4.738. lr : 0.00177. uptime : 01h20min. ETA : 11h38min.
Iter 0846/8200. train loss : 4.740. valid loss : 4.712. lr : 0.00177. uptime : 01h21min. ETA : 11h37min.
Iter 0852/8200. train loss : 4.763. valid loss : 4.696. lr : 0.00177. uptime : 01h21min. ETA : 11h36min.
Iter 0858/8200. train loss : 4.728. valid loss : 4.745. lr : 0.00177. uptime : 01h22min. ETA : 11h36min.
Iter 0864/8200. train loss : 4.688. valid loss : 4.726. lr : 0.00177. uptime : 01h22min. ETA : 11h35min.
Iter 0870/8200. train loss : 4.678. valid loss : 4.713. lr : 0.00177. uptime : 01h23min. ETA : 11h35min.
Iter 0876/8200. train loss : 4.727. valid loss : 4.727. lr : 0.00177. uptime : 01h23min. ETA : 11h38min.
Iter 0882/8200. train loss : 4.699. valid loss : 4.714. lr : 0.00177. uptime : 01h24min. ETA : 11h34min.
Iter 0888/8200. train loss : 4.763. valid loss : 4.670. lr : 0.00177. uptime : 01h25min. ETA : 11h33min.
Iter 0894/8200. train loss : 4.645. valid loss : 4.753. lr : 0.00177. uptime : 01h25min. ETA : 11h36min.
Iter 0900/8200. train loss : 4.740. valid loss : 4.727. lr : 0.00177. uptime : 01h26min. ETA : 11h31min.
Iter 0906/8200. train loss : 4.661. valid loss : 4.680. lr : 0.00177. uptime : 01h26min. ETA : 11h31min.
Iter 0912/8200. train loss : 4.634. valid loss : 4.730. lr : 0.00177. uptime : 01h27min. ETA : 11h30min.
Iter 0918/8200. train loss : 4.771. valid loss : 4.668. lr : 0.00177. uptime : 01h27min. ETA : 11h30min.
Iter 0924/8200. train loss : 4.674. valid loss : 4.695. lr : 0.00177. uptime : 01h28min. ETA : 11h29min.
Iter 0930/8200. train loss : 4.695. valid loss : 4.664. lr : 0.00177. uptime : 01h29min. ETA : 11h29min.
Iter 0936/8200. train loss : 4.700. valid loss : 4.673. lr : 0.00177. uptime : 01h29min. ETA : 11h28min.
Iter 0942/8200. train loss : 4.591. valid loss : 4.619. lr : 0.00177. uptime : 01h30min. ETA : 11h27min.
Iter 0948/8200. train loss : 4.645. valid loss : 4.657. lr : 0.00177. uptime : 01h30min. ETA : 11h27min.
Iter 0954/8200. train loss : 4.691. valid loss : 4.668. lr : 0.00176. uptime : 01h31min. ETA : 11h30min.
Iter 0960/8200. train loss : 4.755. valid loss : 4.704. lr : 0.00176. uptime : 01h31min. ETA : 11h26min.
Iter 0966/8200. train loss : 4.651. valid loss : 4.637. lr : 0.00176. uptime : 01h32min. ETA : 11h26min.
Iter 0972/8200. train loss : 4.591. valid loss : 4.620. lr : 0.00176. uptime : 01h33min. ETA : 11h25min.
Iter 0978/8200. train loss : 4.688. valid loss : 4.653. lr : 0.00176. uptime : 01h33min. ETA : 11h24min.
Iter 0984/8200. train loss : 4.677. valid loss : 4.725. lr : 0.00176. uptime : 01h34min. ETA : 11h24min.
Iter 0990/8200. train loss : 4.643. valid loss : 4.766. lr : 0.00176. uptime : 01h34min. ETA : 11h23min.
Iter 0996/8200. train loss : 4.654. valid loss : 4.603. lr : 0.00176. uptime : 01h35min. ETA : 11h22min.
Iter 1002/8200. train loss : 4.681. valid loss : 4.598. lr : 0.00176. uptime : 01h35min. ETA : 11h22min.
Iter 1008/8200. train loss : 4.605. valid loss : 4.525. lr : 0.00176. uptime : 01h36min. ETA : 11h21min.
Iter 1014/8200. train loss : 4.596. valid loss : 4.589. lr : 0.00176. uptime : 01h37min. ETA : 11h21min.
Iter 1020/8200. train loss : 4.630. valid loss : 4.684. lr : 0.00176. uptime : 01h37min. ETA : 11h20min.
Iter 1026/8200. train loss : 4.595. valid loss : 4.630. lr : 0.00176. uptime : 01h38min. ETA : 11h20min.
Iter 1032/8200. train loss : 4.590. valid loss : 4.584. lr : 0.00176. uptime : 01h38min. ETA : 11h19min.
Iter 1038/8200. train loss : 4.692. valid loss : 4.632. lr : 0.00176. uptime : 01h39min. ETA : 11h18min.
Iter 1044/8200. train loss : 4.640. valid loss : 4.618. lr : 0.00176. uptime : 01h39min. ETA : 11h18min.
Iter 1050/8200. train loss : 4.554. valid loss : 4.620. lr : 0.00176. uptime : 01h40min. ETA : 11h17min.
Iter 1056/8200. train loss : 4.616. valid loss : 4.640. lr : 0.00175. uptime : 01h41min. ETA : 11h17min.
Iter 1062/8200. train loss : 4.586. valid loss : 4.603. lr : 0.00175. uptime : 01h41min. ETA : 11h16min.
Iter 1068/8200. train loss : 4.603. valid loss : 4.586. lr : 0.00175. uptime : 01h42min. ETA : 11h16min.
Iter 1074/8200. train loss : 4.581. valid loss : 4.590. lr : 0.00175. uptime : 01h42min. ETA : 11h15min.
Iter 1080/8200. train loss : 4.521. valid loss : 4.584. lr : 0.00175. uptime : 01h43min. ETA : 11h15min.
Iter 1086/8200. train loss : 4.632. valid loss : 4.595. lr : 0.00175. uptime : 01h43min. ETA : 11h14min.
Iter 1092/8200. train loss : 4.663. valid loss : 4.566. lr : 0.00175. uptime : 01h44min. ETA : 11h13min.
Iter 1098/8200. train loss : 4.558. valid loss : 4.556. lr : 0.00175. uptime : 01h45min. ETA : 11h13min.
Iter 1104/8200. train loss : 4.608. valid loss : 4.634. lr : 0.00175. uptime : 01h45min. ETA : 11h12min.
Iter 1110/8200. train loss : 4.595. valid loss : 4.644. lr : 0.00175. uptime : 01h46min. ETA : 11h12min.
Iter 1116/8200. train loss : 4.626. valid loss : 4.564. lr : 0.00175. uptime : 01h46min. ETA : 11h11min.
Iter 1122/8200. train loss : 4.603. valid loss : 4.560. lr : 0.00175. uptime : 01h47min. ETA : 11h10min.
Iter 1128/8200. train loss : 4.558. valid loss : 4.587. lr : 0.00175. uptime : 01h47min. ETA : 11h10min.
Iter 1134/8200. train loss : 4.580. valid loss : 4.599. lr : 0.00175. uptime : 01h48min. ETA : 11h09min.
Iter 1140/8200. train loss : 4.654. valid loss : 4.549. lr : 0.00175. uptime : 01h49min. ETA : 11h09min.
Iter 1146/8200. train loss : 4.489. valid loss : 4.656. lr : 0.00174. uptime : 01h49min. ETA : 11h11min.
Iter 1152/8200. train loss : 4.561. valid loss : 4.588. lr : 0.00174. uptime : 01h50min. ETA : 11h08min.
Iter 1158/8200. train loss : 4.677. valid loss : 4.575. lr : 0.00174. uptime : 01h50min. ETA : 11h07min.
Iter 1164/8200. train loss : 4.503. valid loss : 4.587. lr : 0.00174. uptime : 01h51min. ETA : 11h08min.
Iter 1170/8200. train loss : 4.585. valid loss : 4.536. lr : 0.00174. uptime : 01h51min. ETA : 11h06min.
Iter 1176/8200. train loss : 4.699. valid loss : 4.611. lr : 0.00174. uptime : 01h52min. ETA : 11h05min.
Iter 1182/8200. train loss : 4.652. valid loss : 4.640. lr : 0.00174. uptime : 01h53min. ETA : 11h05min.
Iter 1188/8200. train loss : 4.538. valid loss : 4.537. lr : 0.00174. uptime : 01h53min. ETA : 11h04min.
Iter 1194/8200. train loss : 4.666. valid loss : 4.492. lr : 0.00174. uptime : 01h54min. ETA : 11h04min.
Iter 1200/8200. train loss : 4.646. valid loss : 4.522. lr : 0.00174. uptime : 01h54min. ETA : 11h03min.
Iter 1206/8200. train loss : 4.543. valid loss : 4.615. lr : 0.00174. uptime : 01h55min. ETA : 11h02min.
Iter 1212/8200. train loss : 4.551. valid loss : 4.583. lr : 0.00174. uptime : 01h55min. ETA : 11h02min.
Iter 1218/8200. train loss : 4.577. valid loss : 4.548. lr : 0.00174. uptime : 01h56min. ETA : 11h01min.
Iter 1224/8200. train loss : 4.561. valid loss : 4.540. lr : 0.00174. uptime : 01h56min. ETA : 11h01min.
Iter 1230/8200. train loss : 4.544. valid loss : 4.625. lr : 0.00173. uptime : 01h57min. ETA : 11h00min.
Iter 1236/8200. train loss : 4.548. valid loss : 4.637. lr : 0.00173. uptime : 01h58min. ETA : 11h00min.
Iter 1242/8200. train loss : 5.892. valid loss : 5.558. lr : 0.00173. uptime : 01h58min. ETA : 10h59min.
Iter 1248/8200. train loss : 5.235. valid loss : 5.168. lr : 0.00173. uptime : 01h59min. ETA : 10h58min.
Iter 1254/8200. train loss : 4.942. valid loss : 4.975. lr : 0.00173. uptime : 01h59min. ETA : 10h58min.
Iter 1260/8200. train loss : 4.770. valid loss : 4.845. lr : 0.00173. uptime : 02h00min. ETA : 10h57min.
Iter 1266/8200. train loss : 4.812. valid loss : 4.831. lr : 0.00173. uptime : 02h00min. ETA : 10h57min.
Iter 1272/8200. train loss : 4.760. valid loss : 4.759. lr : 0.00173. uptime : 02h01min. ETA : 10h56min.
Iter 1278/8200. train loss : 4.741. valid loss : 4.816. lr : 0.00173. uptime : 02h02min. ETA : 10h56min.
Iter 1284/8200. train loss : 4.751. valid loss : 4.742. lr : 0.00173. uptime : 02h02min. ETA : 10h55min.
Iter 1290/8200. train loss : 4.711. valid loss : 4.670. lr : 0.00173. uptime : 02h03min. ETA : 10h54min.
Iter 1296/8200. train loss : 4.703. valid loss : 4.698. lr : 0.00173. uptime : 02h03min. ETA : 10h54min.
Iter 1302/8200. train loss : 4.620. valid loss : 4.628. lr : 0.00173. uptime : 02h04min. ETA : 10h53min.
Iter 1308/8200. train loss : 4.570. valid loss : 4.593. lr : 0.00172. uptime : 02h04min. ETA : 10h53min.
Iter 1314/8200. train loss : 4.576. valid loss : 4.577. lr : 0.00172. uptime : 02h05min. ETA : 10h52min.
Iter 1320/8200. train loss : 4.582. valid loss : 4.577. lr : 0.00172. uptime : 02h06min. ETA : 10h51min.
Iter 1326/8200. train loss : 4.650. valid loss : 4.619. lr : 0.00172. uptime : 02h06min. ETA : 10h51min.
Iter 1332/8200. train loss : 4.689. valid loss : 4.617. lr : 0.00172. uptime : 02h07min. ETA : 10h50min.
Iter 1338/8200. train loss : 4.599. valid loss : 4.623. lr : 0.00172. uptime : 02h07min. ETA : 10h53min.
Iter 1344/8200. train loss : 4.631. valid loss : 4.598. lr : 0.00172. uptime : 02h08min. ETA : 10h50min.
Iter 1350/8200. train loss : 4.534. valid loss : 4.572. lr : 0.00172. uptime : 02h08min. ETA : 10h49min.
Iter 1356/8200. train loss : 4.617. valid loss : 4.681. lr : 0.00172. uptime : 02h09min. ETA : 10h50min.
Iter 1362/8200. train loss : 4.750. valid loss : 4.665. lr : 0.00172. uptime : 02h10min. ETA : 10h48min.
Iter 1368/8200. train loss : 4.605. valid loss : 4.638. lr : 0.00172. uptime : 02h10min. ETA : 10h47min.
Iter 1374/8200. train loss : 4.664. valid loss : 4.588. lr : 0.00172. uptime : 02h11min. ETA : 10h47min.
Iter 1380/8200. train loss : 4.643. valid loss : 4.525. lr : 0.00171. uptime : 02h11min. ETA : 10h46min.
Iter 1386/8200. train loss : 4.611. valid loss : 4.578. lr : 0.00171. uptime : 02h12min. ETA : 10h46min.
Iter 1392/8200. train loss : 4.611. valid loss : 4.621. lr : 0.00171. uptime : 02h12min. ETA : 10h45min.
Iter 1398/8200. train loss : 4.601. valid loss : 4.553. lr : 0.00171. uptime : 02h13min. ETA : 10h45min.
Iter 1404/8200. train loss : 4.550. valid loss : 4.516. lr : 0.00171. uptime : 02h14min. ETA : 10h44min.
Iter 1410/8200. train loss : 4.607. valid loss : 4.578. lr : 0.00171. uptime : 02h14min. ETA : 10h43min.
Iter 1416/8200. train loss : 4.585. valid loss : 4.520. lr : 0.00171. uptime : 02h15min. ETA : 10h43min.
Iter 1422/8200. train loss : 4.574. valid loss : 4.549. lr : 0.00171. uptime : 02h15min. ETA : 10h42min.
Iter 1428/8200. train loss : 4.596. valid loss : 4.614. lr : 0.00171. uptime : 02h16min. ETA : 10h42min.
Iter 1434/8200. train loss : 4.499. valid loss : 4.549. lr : 0.00171. uptime : 02h16min. ETA : 10h41min.
Iter 1440/8200. train loss : 4.510. valid loss : 4.535. lr : 0.00171. uptime : 02h17min. ETA : 10h40min.
Iter 1446/8200. train loss : 4.535. valid loss : 4.571. lr : 0.00170. uptime : 02h18min. ETA : 10h40min.
Iter 1452/8200. train loss : 4.563. valid loss : 4.540. lr : 0.00170. uptime : 02h18min. ETA : 10h39min.
Iter 1458/8200. train loss : 4.700. valid loss : 4.709. lr : 0.00170. uptime : 02h19min. ETA : 10h39min.
Iter 1464/8200. train loss : 6.655. valid loss : 6.567. lr : 0.00170. uptime : 02h19min. ETA : 10h47min.
Iter 1470/8200. train loss : 5.373. valid loss : 5.381. lr : 0.00170. uptime : 02h20min. ETA : 10h38min.
Iter 1476/8200. train loss : 5.116. valid loss : 4.973. lr : 0.00170. uptime : 02h20min. ETA : 10h37min.
Iter 1482/8200. train loss : 4.887. valid loss : 4.876. lr : 0.00170. uptime : 02h21min. ETA : 10h36min.
Iter 1488/8200. train loss : 4.812. valid loss : 4.754. lr : 0.00170. uptime : 02h22min. ETA : 10h35min.
Iter 1494/8200. train loss : 4.730. valid loss : 4.747. lr : 0.00170. uptime : 02h22min. ETA : 10h35min.
Iter 1500/8200. train loss : 4.676. valid loss : 4.809. lr : 0.00170. uptime : 02h23min. ETA : 10h34min.
Iter 1506/8200. train loss : 5.090. valid loss : 5.157. lr : 0.00170. uptime : 02h23min. ETA : 10h34min.
Iter 1512/8200. train loss : 5.206. valid loss : 5.235. lr : 0.00169. uptime : 02h24min. ETA : 10h33min.
Iter 1518/8200. train loss : 5.193. valid loss : 5.121. lr : 0.00169. uptime : 02h24min. ETA : 10h33min.
Iter 1524/8200. train loss : 5.057. valid loss : 5.045. lr : 0.00169. uptime : 02h25min. ETA : 10h32min.
Iter 1530/8200. train loss : 5.039. valid loss : 5.295. lr : 0.00169. uptime : 02h26min. ETA : 10h36min.
Iter 1536/8200. train loss : 8.204. valid loss : 7.883. lr : 0.00169. uptime : 02h26min. ETA : 10h31min.
Iter 1542/8200. train loss : 7.494. valid loss : 7.312. lr : 0.00169. uptime : 02h27min. ETA : 10h30min.
Iter 1548/8200. train loss : 7.163. valid loss : 7.102. lr : 0.00169. uptime : 02h27min. ETA : 10h30min.
Iter 1554/8200. train loss : 7.160. valid loss : 7.152. lr : 0.00169. uptime : 02h28min. ETA : 10h29min.
Iter 1560/8200. train loss : 7.103. valid loss : 6.969. lr : 0.00169. uptime : 02h28min. ETA : 10h29min.
Iter 1566/8200. train loss : 6.819. valid loss : 6.858. lr : 0.00169. uptime : 02h29min. ETA : 10h28min.
Iter 1572/8200. train loss : 6.680. valid loss : 6.740. lr : 0.00169. uptime : 02h30min. ETA : 10h28min.
Iter 1578/8200. train loss : 6.465. valid loss : 6.414. lr : 0.00168. uptime : 02h30min. ETA : 10h27min.
Iter 1584/8200. train loss : 6.356. valid loss : 6.273. lr : 0.00168. uptime : 02h31min. ETA : 10h26min.
Iter 1590/8200. train loss : 6.077. valid loss : 6.096. lr : 0.00168. uptime : 02h31min. ETA : 10h26min.
Iter 1596/8200. train loss : 5.877. valid loss : 5.938. lr : 0.00168. uptime : 02h32min. ETA : 10h25min.
Iter 1602/8200. train loss : 6.091. valid loss : 6.049. lr : 0.00168. uptime : 02h32min. ETA : 10h25min.
Iter 1608/8200. train loss : 6.167. valid loss : 6.316. lr : 0.00168. uptime : 02h33min. ETA : 10h24min.
Iter 1614/8200. train loss : 6.217. valid loss : 6.075. lr : 0.00168. uptime : 02h34min. ETA : 10h23min.
Iter 1620/8200. train loss : 5.981. valid loss : 6.014. lr : 0.00168. uptime : 02h34min. ETA : 10h23min.
Iter 1626/8200. train loss : 6.237. valid loss : 6.211. lr : 0.00168. uptime : 02h35min. ETA : 10h22min.
Iter 1632/8200. train loss : 5.943. valid loss : 6.075. lr : 0.00168. uptime : 02h35min. ETA : 10h22min.
Iter 1638/8200. train loss : 5.994. valid loss : 5.890. lr : 0.00167. uptime : 02h36min. ETA : 10h21min.
Iter 1644/8200. train loss : 6.011. valid loss : 5.970. lr : 0.00167. uptime : 02h36min. ETA : 10h21min.
Iter 1650/8200. train loss : 6.111. valid loss : 6.073. lr : 0.00167. uptime : 02h37min. ETA : 10h20min.
Iter 1656/8200. train loss : 5.889. valid loss : 5.958. lr : 0.00167. uptime : 02h38min. ETA : 10h20min.
Iter 1662/8200. train loss : 5.876. valid loss : 5.850. lr : 0.00167. uptime : 02h38min. ETA : 10h19min.
Iter 1668/8200. train loss : 5.810. valid loss : 5.811. lr : 0.00167. uptime : 02h39min. ETA : 10h18min.
Iter 1674/8200. train loss : 5.684. valid loss : 5.677. lr : 0.00167. uptime : 02h39min. ETA : 10h18min.
Iter 1680/8200. train loss : 5.754. valid loss : 5.754. lr : 0.00167. uptime : 02h40min. ETA : 10h17min.
Iter 1686/8200. train loss : 5.735. valid loss : 5.718. lr : 0.00167. uptime : 02h40min. ETA : 10h17min.
Iter 1692/8200. train loss : 5.762. valid loss : 5.859. lr : 0.00166. uptime : 02h41min. ETA : 10h16min.
Iter 1698/8200. train loss : 5.637. valid loss : 5.653. lr : 0.00166. uptime : 02h41min. ETA : 10h16min.
Iter 1704/8200. train loss : 5.548. valid loss : 5.515. lr : 0.00166. uptime : 02h42min. ETA : 10h16min.
Iter 1710/8200. train loss : 5.424. valid loss : 5.438. lr : 0.00166. uptime : 02h43min. ETA : 10h15min.
Iter 1716/8200. train loss : 5.366. valid loss : 5.481. lr : 0.00166. uptime : 02h43min. ETA : 10h17min.
Iter 1722/8200. train loss : 5.335. valid loss : 5.487. lr : 0.00166. uptime : 02h44min. ETA : 10h13min.
Iter 1728/8200. train loss : 5.372. valid loss : 5.351. lr : 0.00166. uptime : 02h44min. ETA : 10h13min.
Iter 1734/8200. train loss : 5.397. valid loss : 5.335. lr : 0.00166. uptime : 02h45min. ETA : 10h12min.
Iter 1740/8200. train loss : 5.297. valid loss : 5.231. lr : 0.00166. uptime : 02h45min. ETA : 10h12min.
Iter 1746/8200. train loss : 5.294. valid loss : 5.324. lr : 0.00166. uptime : 02h46min. ETA : 10h11min.
Iter 1752/8200. train loss : 5.316. valid loss : 5.406. lr : 0.00165. uptime : 02h47min. ETA : 10h11min.
Iter 1758/8200. train loss : 5.294. valid loss : 5.308. lr : 0.00165. uptime : 02h47min. ETA : 10h10min.
Iter 1764/8200. train loss : 5.496. valid loss : 5.276. lr : 0.00165. uptime : 02h48min. ETA : 10h09min.
Iter 1770/8200. train loss : 5.274. valid loss : 5.257. lr : 0.00165. uptime : 02h48min. ETA : 10h09min.
Iter 1776/8200. train loss : 5.512. valid loss : 5.557. lr : 0.00165. uptime : 02h49min. ETA : 10h08min.
Iter 1782/8200. train loss : 6.244. valid loss : 6.065. lr : 0.00165. uptime : 02h49min. ETA : 10h08min.
Iter 1788/8200. train loss : 5.558. valid loss : 5.508. lr : 0.00165. uptime : 02h50min. ETA : 10h07min.
Iter 1794/8200. train loss : 5.390. valid loss : 5.367. lr : 0.00165. uptime : 02h51min. ETA : 10h07min.
Iter 1800/8200. train loss : 5.304. valid loss : 5.283. lr : 0.00165. uptime : 02h51min. ETA : 10h06min.
Iter 1806/8200. train loss : 5.303. valid loss : 5.248. lr : 0.00164. uptime : 02h52min. ETA : 10h06min.
Iter 1812/8200. train loss : 5.223. valid loss : 5.219. lr : 0.00164. uptime : 02h52min. ETA : 10h05min.
Iter 1818/8200. train loss : 5.215. valid loss : 5.168. lr : 0.00164. uptime : 02h53min. ETA : 10h05min.
Iter 1824/8200. train loss : 5.204. valid loss : 5.169. lr : 0.00164. uptime : 02h53min. ETA : 10h04min.
Iter 1830/8200. train loss : 5.327. valid loss : 5.179. lr : 0.00164. uptime : 02h54min. ETA : 10h04min.
Iter 1836/8200. train loss : 5.248. valid loss : 5.286. lr : 0.00164. uptime : 02h55min. ETA : 10h03min.
Iter 1842/8200. train loss : 5.222. valid loss : 5.286. lr : 0.00164. uptime : 02h55min. ETA : 10h02min.
Iter 1848/8200. train loss : 5.102. valid loss : 5.231. lr : 0.00164. uptime : 02h56min. ETA : 10h02min.
Iter 1854/8200. train loss : 5.180. valid loss : 5.154. lr : 0.00163. uptime : 02h56min. ETA : 10h01min.
Iter 1860/8200. train loss : 5.104. valid loss : 5.165. lr : 0.00163. uptime : 02h57min. ETA : 10h01min.
Iter 1866/8200. train loss : 5.209. valid loss : 5.218. lr : 0.00163. uptime : 02h57min. ETA : 10h00min.
Iter 1872/8200. train loss : 5.170. valid loss : 5.190. lr : 0.00163. uptime : 02h58min. ETA : 10h00min.
Iter 1878/8200. train loss : 5.178. valid loss : 5.303. lr : 0.00163. uptime : 02h59min. ETA : 10h15min.
Iter 1884/8200. train loss : 5.198. valid loss : 5.197. lr : 0.00163. uptime : 02h59min. ETA : 09h58min.
Iter 1890/8200. train loss : 5.208. valid loss : 5.233. lr : 0.00163. uptime : 03h00min. ETA : 09h57min.
Iter 1896/8200. train loss : 5.349. valid loss : 5.282. lr : 0.00163. uptime : 03h00min. ETA : 09h57min.
Iter 1902/8200. train loss : 5.417. valid loss : 5.337. lr : 0.00163. uptime : 03h01min. ETA : 09h56min.
Iter 1908/8200. train loss : 5.377. valid loss : 5.421. lr : 0.00162. uptime : 03h01min. ETA : 10h00min.
Iter 1914/8200. train loss : 5.562. valid loss : 5.602. lr : 0.00162. uptime : 03h02min. ETA : 09h55min.
Iter 1920/8200. train loss : 5.838. valid loss : 5.634. lr : 0.00162. uptime : 03h03min. ETA : 09h55min.
Iter 1926/8200. train loss : 5.568. valid loss : 5.553. lr : 0.00162. uptime : 03h03min. ETA : 09h54min.
Iter 1932/8200. train loss : 5.488. valid loss : 5.572. lr : 0.00162. uptime : 03h04min. ETA : 09h53min.
Process ForkProcess-8:
Process ForkProcess-9:
Process ForkProcess-27:
Process ForkProcess-30:
Process ForkProcess-29:
Process ForkProcess-31:
Process ForkProcess-21:
Process ForkProcess-12:
Process ForkProcess-22:
Process ForkProcess-11:
Process ForkProcess-32:
Process ForkProcess-26:
Process ForkProcess-13:
Process ForkProcess-23:
Process ForkProcess-18:
Process ForkProcess-7:
Process ForkProcess-4:
Process ForkProcess-19:
Process ForkProcess-24:
Process ForkProcess-20:
Process ForkProcess-25:
Process ForkProcess-14:
Process ForkProcess-28:
Process ForkProcess-3:
Process ForkProcess-5:
Process ForkProcess-6:
Process ForkProcess-1:
Process ForkProcess-17:
Process ForkProcess-16:
Process ForkProcess-10:
Process ForkProcess-15:
Process ForkProcess-2:
Traceback (most recent call last):
Traceback (most recent call last):
Traceback (most recent call last):
Traceback (most recent call last):
Traceback (most recent call last):
Traceback (most recent call last):
Traceback (most recent call last):
Traceback (most recent call last):
Traceback (most recent call last):
Traceback (most recent call last):
Traceback (most recent call last):
Traceback (most recent call last):
Traceback (most recent call last):
Traceback (most recent call last):
Traceback (most recent call last):
Traceback (most recent call last):
Traceback (most recent call last):
Traceback (most recent call last):
Traceback (most recent call last):
Traceback (most recent call last):
Traceback (most recent call last):
Traceback (most recent call last):
Traceback (most recent call last):
Traceback (most recent call last):
Traceback (most recent call last):
Traceback (most recent call last):
Traceback (most recent call last):
Traceback (most recent call last):
Traceback (most recent call last):
Traceback (most recent call last):
Traceback (most recent call last):
Traceback (most recent call last):
  File "/usr/lib/python3.10/multiprocessing/process.py", line 314, in _bootstrap
    self.run()
  File "/usr/lib/python3.10/multiprocessing/process.py", line 108, in run
    self._target(*self._args, **self._kwargs)
  File "/usr/lib/python3.10/concurrent/futures/process.py", line 240, in _process_worker
    call_item = call_queue.get(block=True)
  File "/usr/lib/python3.10/multiprocessing/queues.py", line 102, in get
    with self._rlock:
  File "/usr/lib/python3.10/multiprocessing/synchronize.py", line 95, in __enter__
    return self._semlock.__enter__()
KeyboardInterrupt
  File "/usr/lib/python3.10/multiprocessing/process.py", line 314, in _bootstrap
    self.run()
  File "/usr/lib/python3.10/multiprocessing/process.py", line 108, in run
    self._target(*self._args, **self._kwargs)
  File "/usr/lib/python3.10/concurrent/futures/process.py", line 240, in _process_worker
    call_item = call_queue.get(block=True)
  File "/usr/lib/python3.10/multiprocessing/process.py", line 314, in _bootstrap
    self.run()
  File "/usr/lib/python3.10/multiprocessing/process.py", line 108, in run
    self._target(*self._args, **self._kwargs)
  File "/usr/lib/python3.10/concurrent/futures/process.py", line 240, in _process_worker
    call_item = call_queue.get(block=True)
  File "/usr/lib/python3.10/multiprocessing/process.py", line 314, in _bootstrap
    self.run()
  File "/usr/lib/python3.10/multiprocessing/process.py", line 314, in _bootstrap
    self.run()
  File "/usr/lib/python3.10/multiprocessing/process.py", line 314, in _bootstrap
    self.run()
  File "/usr/lib/python3.10/multiprocessing/process.py", line 314, in _bootstrap
    self.run()
  File "/usr/lib/python3.10/multiprocessing/process.py", line 314, in _bootstrap
    self.run()
  File "/usr/lib/python3.10/multiprocessing/process.py", line 314, in _bootstrap
    self.run()
  File "/usr/lib/python3.10/multiprocessing/process.py", line 314, in _bootstrap
    self.run()
  File "/usr/lib/python3.10/multiprocessing/process.py", line 314, in _bootstrap
    self.run()
  File "/usr/lib/python3.10/multiprocessing/process.py", line 314, in _bootstrap
    self.run()
  File "/usr/lib/python3.10/multiprocessing/process.py", line 314, in _bootstrap
    self.run()
  File "/usr/lib/python3.10/multiprocessing/process.py", line 314, in _bootstrap
    self.run()
  File "/usr/lib/python3.10/multiprocessing/process.py", line 314, in _bootstrap
    self.run()
  File "/usr/lib/python3.10/multiprocessing/process.py", line 314, in _bootstrap
    self.run()
  File "/usr/lib/python3.10/multiprocessing/process.py", line 314, in _bootstrap
    self.run()
  File "/usr/lib/python3.10/multiprocessing/process.py", line 314, in _bootstrap
    self.run()
  File "/usr/lib/python3.10/multiprocessing/process.py", line 314, in _bootstrap
    self.run()
  File "/usr/lib/python3.10/multiprocessing/process.py", line 314, in _bootstrap
    self.run()
  File "/usr/lib/python3.10/multiprocessing/process.py", line 314, in _bootstrap
    self.run()
  File "/usr/lib/python3.10/multiprocessing/process.py", line 314, in _bootstrap
    self.run()
  File "/usr/lib/python3.10/multiprocessing/process.py", line 314, in _bootstrap
    self.run()
  File "/usr/lib/python3.10/multiprocessing/process.py", line 314, in _bootstrap
    self.run()
  File "/usr/lib/python3.10/multiprocessing/process.py", line 314, in _bootstrap
    self.run()
  File "/usr/lib/python3.10/multiprocessing/process.py", line 314, in _bootstrap
    self.run()
  File "/usr/lib/python3.10/multiprocessing/process.py", line 108, in run
    self._target(*self._args, **self._kwargs)
  File "/usr/lib/python3.10/multiprocessing/process.py", line 314, in _bootstrap
    self.run()
  File "/usr/lib/python3.10/multiprocessing/process.py", line 314, in _bootstrap
    self.run()
  File "/usr/lib/python3.10/multiprocessing/process.py", line 314, in _bootstrap
    self.run()
  File "/usr/lib/python3.10/multiprocessing/process.py", line 314, in _bootstrap
    self.run()
  File "/usr/lib/python3.10/multiprocessing/process.py", line 314, in _bootstrap
    self.run()
  File "/usr/lib/python3.10/multiprocessing/process.py", line 314, in _bootstrap
    self.run()
  File "/usr/lib/python3.10/multiprocessing/queues.py", line 102, in get
    with self._rlock:
  File "/usr/lib/python3.10/multiprocessing/synchronize.py", line 95, in __enter__
    return self._semlock.__enter__()
  File "/usr/lib/python3.10/multiprocessing/process.py", line 108, in run
    self._target(*self._args, **self._kwargs)
  File "/usr/lib/python3.10/concurrent/futures/process.py", line 240, in _process_worker
    call_item = call_queue.get(block=True)
  File "/usr/lib/python3.10/multiprocessing/queues.py", line 102, in get
    with self._rlock:
  File "/usr/lib/python3.10/multiprocessing/synchronize.py", line 95, in __enter__
    return self._semlock.__enter__()
  File "/usr/lib/python3.10/multiprocessing/process.py", line 108, in run
    self._target(*self._args, **self._kwargs)
  File "/usr/lib/python3.10/concurrent/futures/process.py", line 240, in _process_worker
    call_item = call_queue.get(block=True)
  File "/usr/lib/python3.10/multiprocessing/queues.py", line 102, in get
    with self._rlock:
  File "/usr/lib/python3.10/multiprocessing/process.py", line 108, in run
    self._target(*self._args, **self._kwargs)
  File "/usr/lib/python3.10/concurrent/futures/process.py", line 240, in _process_worker
    call_item = call_queue.get(block=True)
  File "/usr/lib/python3.10/multiprocessing/process.py", line 108, in run
    self._target(*self._args, **self._kwargs)
  File "/usr/lib/python3.10/concurrent/futures/process.py", line 240, in _process_worker
    call_item = call_queue.get(block=True)
  File "/usr/lib/python3.10/multiprocessing/queues.py", line 102, in get
    with self._rlock:
  File "/usr/lib/python3.10/multiprocessing/synchronize.py", line 95, in __enter__
    return self._semlock.__enter__()
  File "/usr/lib/python3.10/multiprocessing/process.py", line 108, in run
    self._target(*self._args, **self._kwargs)
  File "/usr/lib/python3.10/multiprocessing/process.py", line 108, in run
    self._target(*self._args, **self._kwargs)
  File "/usr/lib/python3.10/concurrent/futures/process.py", line 240, in _process_worker
    call_item = call_queue.get(block=True)
  File "/usr/lib/python3.10/multiprocessing/queues.py", line 102, in get
    with self._rlock:
  File "/usr/lib/python3.10/multiprocessing/process.py", line 108, in run
    self._target(*self._args, **self._kwargs)
  File "/usr/lib/python3.10/multiprocessing/process.py", line 108, in run
    self._target(*self._args, **self._kwargs)
  File "/usr/lib/python3.10/concurrent/futures/process.py", line 240, in _process_worker
    call_item = call_queue.get(block=True)
  File "/usr/lib/python3.10/multiprocessing/process.py", line 108, in run
    self._target(*self._args, **self._kwargs)
  File "/usr/lib/python3.10/multiprocessing/process.py", line 108, in run
    self._target(*self._args, **self._kwargs)
  File "/usr/lib/python3.10/multiprocessing/process.py", line 108, in run
    self._target(*self._args, **self._kwargs)
  File "/usr/lib/python3.10/multiprocessing/process.py", line 108, in run
    self._target(*self._args, **self._kwargs)
KeyboardInterrupt
  File "/usr/lib/python3.10/multiprocessing/process.py", line 108, in run
    self._target(*self._args, **self._kwargs)
  File "/usr/lib/python3.10/multiprocessing/process.py", line 108, in run
    self._target(*self._args, **self._kwargs)
  File "/usr/lib/python3.10/multiprocessing/process.py", line 108, in run
    self._target(*self._args, **self._kwargs)
  File "/usr/lib/python3.10/multiprocessing/process.py", line 108, in run
    self._target(*self._args, **self._kwargs)
  File "/usr/lib/python3.10/concurrent/futures/process.py", line 240, in _process_worker
    call_item = call_queue.get(block=True)
  File "/usr/lib/python3.10/multiprocessing/process.py", line 108, in run
    self._target(*self._args, **self._kwargs)
KeyboardInterrupt
  File "/usr/lib/python3.10/multiprocessing/process.py", line 108, in run
    self._target(*self._args, **self._kwargs)
  File "/usr/lib/python3.10/multiprocessing/process.py", line 108, in run
    self._target(*self._args, **self._kwargs)
  File "/usr/lib/python3.10/multiprocessing/process.py", line 108, in run
    self._target(*self._args, **self._kwargs)
  File "/usr/lib/python3.10/multiprocessing/synchronize.py", line 95, in __enter__
    return self._semlock.__enter__()
  File "/usr/lib/python3.10/multiprocessing/process.py", line 108, in run
    self._target(*self._args, **self._kwargs)
  File "/usr/lib/python3.10/multiprocessing/process.py", line 108, in run
    self._target(*self._args, **self._kwargs)
  File "/usr/lib/python3.10/multiprocessing/process.py", line 108, in run
    self._target(*self._args, **self._kwargs)
  File "/usr/lib/python3.10/concurrent/futures/process.py", line 240, in _process_worker
    call_item = call_queue.get(block=True)
Training interrupted.  File "/usr/lib/python3.10/multiprocessing/queues.py", line 102, in get
    with self._rlock:
  File "/usr/lib/python3.10/multiprocessing/process.py", line 108, in run
    self._target(*self._args, **self._kwargs)
  File "/usr/lib/python3.10/concurrent/futures/process.py", line 240, in _process_worker
    call_item = call_queue.get(block=True)
  File "/usr/lib/python3.10/multiprocessing/process.py", line 108, in run
    self._target(*self._args, **self._kwargs)
  File "/usr/lib/python3.10/concurrent/futures/process.py", line 240, in _process_worker
    call_item = call_queue.get(block=True)
  File "/usr/lib/python3.10/multiprocessing/process.py", line 108, in run
    self._target(*self._args, **self._kwargs)
  File "/usr/lib/python3.10/multiprocessing/process.py", line 108, in run
    self._target(*self._args, **self._kwargs)
  File "/usr/lib/python3.10/concurrent/futures/process.py", line 240, in _process_worker
    call_item = call_queue.get(block=True)

  File "/usr/lib/python3.10/multiprocessing/synchronize.py", line 95, in __enter__
    return self._semlock.__enter__()
Training is done. Took 184.50 minutes.
Successfully saved checkpoint and config in runs/splendid-forest-11.
wandb: - 0.039 MB of 0.039 MB uploadedwandb: \ 0.039 MB of 0.039 MB uploadedwandb: | 0.041 MB of 0.041 MB uploadedwandb: / 0.041 MB of 0.041 MB uploadedwandb: - 0.041 MB of 0.041 MB uploadedwandb:                                                                                
wandb: 
wandb: Run history:
wandb:     grad_norm ▂▁▁▁▁▁▁▁▁▁▁▁▁▁▁▁▁▁▁▁▁▁▁▁▁▁▁▁▁▁▁▁▃█▃▄▁▁▁▆
wandb:            lr ▁▂▂▄▄████████████████████████████████▇▇▇
wandb:     num_iters ▁
wandb:    num_params ▁
wandb:    num_tokens ▁
wandb: time_per_iter ▁█▁▁▁▁▁▁▁▁▁▁▁▁█▁▁██▁▁▁▁▁██▁▁▁▁▁█▁█▁█▁███
wandb:   tokens_seen ▁▁▁▁▁▂▂▂▂▂▂▃▃▃▃▄▄▄▄▄▅▅▅▅▆▆▆▆▆▆▆▆▆▆▇▇▇▇██
wandb:    train_loss █▇▅▅▅▅▅▄▄▃▂▂▂▂▂▂▂▂▂▂▁▁▁▁▁▁▁▁▁▄▃▁▂▅▄▄▃▃▃▃
wandb:      val_loss █▆▇▆▆▅▄▄▄▄▃▃▃▂▂▂▂▂▂▂▂▂▂▁▁▁▁▁▁▂▁▁▁▂▃▅▅▃▃▃
wandb: 
wandb: Run summary:
wandb:             dtype bfloat16
wandb:         grad_norm 5.27259
wandb:                lr 0.00162
wandb:         num_iters 1936
wandb:        num_params 141245968
wandb:        num_tokens 1015021568
wandb:     time_per_iter 5.20408
wandb:       tokens_seen 1014497280
wandb:        train_loss 6.13224
wandb:    use_flash_attn True
wandb: use_torch_compile True
wandb:          val_loss 5.57171
wandb: 
wandb: 🚀 View run splendid-forest-11 at: https://wandb.ai/alexandretl/arena/runs/nuyuhj85
wandb: ⭐️ View project at: https://wandb.ai/alexandretl/arena
wandb: Synced 5 W&B file(s), 0 media file(s), 2 artifact file(s) and 0 other file(s)
wandb: Find logs at: ./wandb/run-20240916_054748-nuyuhj85/logs
